{"/home/travis/build/npmtest/node-npmtest-glamorous/test.js":{"path":"/home/travis/build/npmtest/node-npmtest-glamorous/test.js","s":{"1":2,"2":2,"3":2,"4":2,"5":2,"6":2,"7":2,"8":1,"9":2,"10":2,"11":1,"12":1,"13":1,"14":1,"15":2,"16":2,"17":2,"18":2,"19":1,"20":1,"21":2,"22":2,"23":2,"24":1,"25":1,"26":1,"27":1,"28":1,"29":1,"30":1,"31":1,"32":1,"33":1,"34":1,"35":1,"36":1,"37":1,"38":1,"39":2,"40":2,"41":1,"42":2,"43":2,"44":1,"45":2,"46":2,"47":1,"48":2,"49":2,"50":1,"51":1,"52":1,"53":1,"54":1},"b":{"1":[2,1,1,1],"2":[1,1,1,1],"3":[1,1],"4":[1,1],"5":[1,1],"6":[1,1],"7":[1,1],"8":[1,1],"9":[1,1],"10":[1,1,1],"11":[1,1],"12":[1,1],"13":[1,1],"14":[1,1],"15":[1,1],"16":[1,1],"17":[1,1]},"f":{"1":2,"2":2,"3":2,"4":2,"5":2,"6":1,"7":1,"8":1,"9":2,"10":2,"11":2,"12":2,"13":1},"fnMap":{"1":{"name":"(anonymous_1)","line":12,"loc":{"start":{"line":12,"column":1},"end":{"line":12,"column":13}}},"2":{"name":"(anonymous_2)","line":19,"loc":{"start":{"line":19,"column":5},"end":{"line":19,"column":17}}},"3":{"name":"(anonymous_3)","line":23,"loc":{"start":{"line":23,"column":24},"end":{"line":23,"column":36}}},"4":{"name":"(anonymous_4)","line":61,"loc":{"start":{"line":61,"column":5},"end":{"line":61,"column":17}}},"5":{"name":"(anonymous_5)","line":82,"loc":{"start":{"line":82,"column":5},"end":{"line":82,"column":17}}},"6":{"name":"(anonymous_6)","line":91,"loc":{"start":{"line":91,"column":77},"end":{"line":94,"column":10}}},"7":{"name":"(anonymous_7)","line":112,"loc":{"start":{"line":112,"column":83},"end":{"line":115,"column":10}},"skip":true},"8":{"name":"(anonymous_8)","line":123,"loc":{"start":{"line":123,"column":77},"end":{"line":126,"column":10}},"skip":true},"9":{"name":"(anonymous_9)","line":139,"loc":{"start":{"line":139,"column":12},"end":{"line":139,"column":40}},"skip":true},"10":{"name":"(anonymous_10)","line":147,"loc":{"start":{"line":147,"column":77},"end":{"line":150,"column":10}},"skip":true},"11":{"name":"(anonymous_11)","line":158,"loc":{"start":{"line":158,"column":83},"end":{"line":161,"column":10}},"skip":true},"12":{"name":"(anonymous_12)","line":169,"loc":{"start":{"line":169,"column":79},"end":{"line":172,"column":10}},"skip":true},"13":{"name":"(anonymous_13)","line":180,"loc":{"start":{"line":180,"column":75},"end":{"line":183,"column":10}},"skip":true}},"statementMap":{"1":{"start":{"line":12,"column":0},"end":{"line":195,"column":5}},"2":{"start":{"line":14,"column":4},"end":{"line":14,"column":14}},"3":{"start":{"line":19,"column":4},"end":{"line":56,"column":9}},"4":{"start":{"line":21,"column":8},"end":{"line":21,"column":19}},"5":{"start":{"line":23,"column":8},"end":{"line":35,"column":13}},"6":{"start":{"line":24,"column":12},"end":{"line":34,"column":13}},"7":{"start":{"line":25,"column":16},"end":{"line":28,"column":30}},"8":{"start":{"line":30,"column":16},"end":{"line":33,"column":27}},"9":{"start":{"line":37,"column":8},"end":{"line":39,"column":21}},"10":{"start":{"line":40,"column":8},"end":{"line":53,"column":9}},"11":{"start":{"line":43,"column":12},"end":{"line":46,"column":14}},"12":{"start":{"line":47,"column":12},"end":{"line":47,"column":18}},"13":{"start":{"line":50,"column":12},"end":{"line":51,"column":46}},"14":{"start":{"line":52,"column":12},"end":{"line":52,"column":18}},"15":{"start":{"line":55,"column":8},"end":{"line":55,"column":35}},"16":{"start":{"line":61,"column":4},"end":{"line":63,"column":9}},"17":{"start":{"line":62,"column":8},"end":{"line":62,"column":15}},"18":{"start":{"line":64,"column":4},"end":{"line":77,"column":5}},"19":{"start":{"line":70,"column":8},"end":{"line":70,"column":14}},"20":{"start":{"line":76,"column":8},"end":{"line":76,"column":14}},"21":{"start":{"line":82,"column":4},"end":{"line":84,"column":9}},"22":{"start":{"line":83,"column":8},"end":{"line":83,"column":15}},"23":{"start":{"line":85,"column":4},"end":{"line":194,"column":5}},"24":{"start":{"line":91,"column":8},"end":{"line":99,"column":10}},"25":{"start":{"line":98,"column":12},"end":{"line":98,"column":35}},"26":{"start":{"line":102,"column":8},"end":{"line":104,"column":63}},"27":{"start":{"line":105,"column":8},"end":{"line":105,"column":14}},"28":{"start":{"line":112,"column":8},"end":{"line":121,"column":10},"skip":true},"29":{"start":{"line":119,"column":12},"end":{"line":119,"column":55},"skip":true},"30":{"start":{"line":120,"column":12},"end":{"line":120,"column":48},"skip":true},"31":{"start":{"line":123,"column":8},"end":{"line":136,"column":10},"skip":true},"32":{"start":{"line":130,"column":12},"end":{"line":130,"column":76},"skip":true},"33":{"start":{"line":131,"column":12},"end":{"line":131,"column":73},"skip":true},"34":{"start":{"line":132,"column":12},"end":{"line":132,"column":74},"skip":true},"35":{"start":{"line":133,"column":12},"end":{"line":133,"column":79},"skip":true},"36":{"start":{"line":134,"column":12},"end":{"line":134,"column":25},"skip":true},"37":{"start":{"line":135,"column":12},"end":{"line":135,"column":45},"skip":true},"38":{"start":{"line":138,"column":8},"end":{"line":145,"column":14},"skip":true},"39":{"start":{"line":143,"column":16},"end":{"line":143,"column":29},"skip":true},"40":{"start":{"line":144,"column":16},"end":{"line":144,"column":55},"skip":true},"41":{"start":{"line":147,"column":8},"end":{"line":156,"column":10},"skip":true},"42":{"start":{"line":154,"column":12},"end":{"line":154,"column":25},"skip":true},"43":{"start":{"line":155,"column":12},"end":{"line":155,"column":45},"skip":true},"44":{"start":{"line":158,"column":8},"end":{"line":167,"column":10},"skip":true},"45":{"start":{"line":165,"column":12},"end":{"line":165,"column":25},"skip":true},"46":{"start":{"line":166,"column":12},"end":{"line":166,"column":48},"skip":true},"47":{"start":{"line":169,"column":8},"end":{"line":178,"column":10},"skip":true},"48":{"start":{"line":176,"column":12},"end":{"line":176,"column":25},"skip":true},"49":{"start":{"line":177,"column":12},"end":{"line":177,"column":46},"skip":true},"50":{"start":{"line":180,"column":8},"end":{"line":189,"column":10},"skip":true},"51":{"start":{"line":187,"column":12},"end":{"line":187,"column":94},"skip":true},"52":{"start":{"line":188,"column":12},"end":{"line":188,"column":48},"skip":true},"53":{"start":{"line":192,"column":8},"end":{"line":192,"column":35},"skip":true},"54":{"start":{"line":193,"column":8},"end":{"line":193,"column":14},"skip":true}},"branchMap":{"1":{"line":25,"type":"binary-expr","locations":[{"start":{"line":25,"column":23},"end":{"line":25,"column":62}},{"start":{"line":26,"column":20},"end":{"line":26,"column":70}},{"start":{"line":27,"column":20},"end":{"line":27,"column":71}},{"start":{"line":28,"column":20},"end":{"line":28,"column":29}}]},"2":{"line":30,"type":"binary-expr","locations":[{"start":{"line":30,"column":23},"end":{"line":30,"column":37}},{"start":{"line":31,"column":20},"end":{"line":31,"column":61}},{"start":{"line":32,"column":20},"end":{"line":32,"column":70}},{"start":{"line":33,"column":20},"end":{"line":33,"column":26}}]},"3":{"line":37,"type":"cond-expr","locations":[{"start":{"line":38,"column":14},"end":{"line":38,"column":20}},{"start":{"line":39,"column":14},"end":{"line":39,"column":20}}]},"4":{"line":40,"type":"switch","locations":[{"start":{"line":42,"column":8},"end":{"line":47,"column":18}},{"start":{"line":49,"column":8},"end":{"line":52,"column":18}}]},"5":{"line":44,"type":"binary-expr","locations":[{"start":{"line":44,"column":16},"end":{"line":44,"column":44}},{"start":{"line":44,"column":48},"end":{"line":44,"column":66}}]},"6":{"line":50,"type":"binary-expr","locations":[{"start":{"line":50,"column":21},"end":{"line":50,"column":49}},{"start":{"line":50,"column":53},"end":{"line":50,"column":72}}]},"7":{"line":64,"type":"switch","locations":[{"start":{"line":69,"column":4},"end":{"line":70,"column":14}},{"start":{"line":75,"column":4},"end":{"line":76,"column":14}}]},"8":{"line":85,"type":"switch","locations":[{"start":{"line":90,"column":4},"end":{"line":105,"column":14}},{"start":{"line":111,"column":4},"end":{"line":193,"column":14},"skip":true}]},"9":{"line":91,"type":"binary-expr","locations":[{"start":{"line":91,"column":42},"end":{"line":91,"column":73}},{"start":{"line":91,"column":77},"end":{"line":99,"column":9}}]},"10":{"line":102,"type":"binary-expr","locations":[{"start":{"line":102,"column":18},"end":{"line":102,"column":32}},{"start":{"line":103,"column":12},"end":{"line":103,"column":53}},{"start":{"line":104,"column":12},"end":{"line":104,"column":61}}]},"11":{"line":112,"type":"binary-expr","locations":[{"start":{"line":112,"column":45},"end":{"line":112,"column":79},"skip":true},{"start":{"line":112,"column":83},"end":{"line":121,"column":9},"skip":true}]},"12":{"line":123,"type":"binary-expr","locations":[{"start":{"line":123,"column":42},"end":{"line":123,"column":73},"skip":true},{"start":{"line":123,"column":77},"end":{"line":136,"column":9},"skip":true}]},"13":{"line":138,"type":"binary-expr","locations":[{"start":{"line":138,"column":48},"end":{"line":138,"column":85},"skip":true},{"start":{"line":139,"column":12},"end":{"line":145,"column":13},"skip":true}]},"14":{"line":147,"type":"binary-expr","locations":[{"start":{"line":147,"column":42},"end":{"line":147,"column":73},"skip":true},{"start":{"line":147,"column":77},"end":{"line":156,"column":9},"skip":true}]},"15":{"line":158,"type":"binary-expr","locations":[{"start":{"line":158,"column":45},"end":{"line":158,"column":79},"skip":true},{"start":{"line":158,"column":83},"end":{"line":167,"column":9},"skip":true}]},"16":{"line":169,"type":"binary-expr","locations":[{"start":{"line":169,"column":43},"end":{"line":169,"column":75},"skip":true},{"start":{"line":169,"column":79},"end":{"line":178,"column":9},"skip":true}]},"17":{"line":180,"type":"binary-expr","locations":[{"start":{"line":180,"column":41},"end":{"line":180,"column":71},"skip":true},{"start":{"line":180,"column":75},"end":{"line":189,"column":9},"skip":true}]}},"code":["/* istanbul instrument in package npmtest_glamorous */","/*jslint","    bitwise: true,","    browser: true,","    maxerr: 8,","    maxlen: 96,","    node: true,","    nomen: true,","    regexp: true,","    stupid: true","*/","(function () {","    'use strict';","    var local;","","","","    // run shared js-env code - pre-init","    (function () {","        // init local","        local = {};","        // init modeJs","        local.modeJs = (function () {","            try {","                return typeof navigator.userAgent === 'string' &&","                    typeof document.querySelector('body') === 'object' &&","                    typeof XMLHttpRequest.prototype.open === 'function' &&","                    'browser';","            } catch (errorCaughtBrowser) {","                return module.exports &&","                    typeof process.versions.node === 'string' &&","                    typeof require('http').createServer === 'function' &&","                    'node';","            }","        }());","        // init global","        local.global = local.modeJs === 'browser'","            ? window","            : global;","        switch (local.modeJs) {","        // re-init local from window.local","        case 'browser':","            local = local.global.utility2.objectSetDefault(","                local.global.utility2_rollup || local.global.local,","                local.global.utility2","            );","            break;","        // re-init local from example.js","        case 'node':","            local = (local.global.utility2_rollup || require('utility2'))","                .requireExampleJsFromReadme();","            break;","        }","        // export local","        local.global.local = local;","    }());","","","","    // run shared js-env code - function","    (function () {","        return;","    }());","    switch (local.modeJs) {","","","","    // run browser js-env code - function","    case 'browser':","        break;","","","","    // run node js-env code - function","    case 'node':","        break;","    }","","","","    // run shared js-env code - post-init","    (function () {","        return;","    }());","    switch (local.modeJs) {","","","","    // run browser js-env code - post-init","    case 'browser':","        local.testCase_browser_nullCase = local.testCase_browser_nullCase || function (","            options,","            onError","        ) {","        /*","         * this function will test browsers's null-case handling-behavior-behavior","         */","            onError(null, options);","        };","","        // run tests","        local.nop(local.modeTest &&","            document.querySelector('#testRunButton1') &&","            document.querySelector('#testRunButton1').click());","        break;","","","","    // run node js-env code - post-init","    /* istanbul ignore next */","    case 'node':","        local.testCase_buildApidoc_default = local.testCase_buildApidoc_default || function (","            options,","            onError","        ) {","        /*","         * this function will test buildApidoc's default handling-behavior-behavior","         */","            options = { modulePathList: module.paths };","            local.buildApidoc(options, onError);","        };","","        local.testCase_buildApp_default = local.testCase_buildApp_default || function (","            options,","            onError","        ) {","        /*","         * this function will test buildApp's default handling-behavior-behavior","         */","            local.testCase_buildReadme_default(options, local.onErrorThrow);","            local.testCase_buildLib_default(options, local.onErrorThrow);","            local.testCase_buildTest_default(options, local.onErrorThrow);","            local.testCase_buildCustomOrg_default(options, local.onErrorThrow);","            options = [];","            local.buildApp(options, onError);","        };","","        local.testCase_buildCustomOrg_default = local.testCase_buildCustomOrg_default ||","            function (options, onError) {","            /*","             * this function will test buildCustomOrg's default handling-behavior","             */","                options = {};","                local.buildCustomOrg(options, onError);","            };","","        local.testCase_buildLib_default = local.testCase_buildLib_default || function (","            options,","            onError","        ) {","        /*","         * this function will test buildLib's default handling-behavior","         */","            options = {};","            local.buildLib(options, onError);","        };","","        local.testCase_buildReadme_default = local.testCase_buildReadme_default || function (","            options,","            onError","        ) {","        /*","         * this function will test buildReadme's default handling-behavior-behavior","         */","            options = {};","            local.buildReadme(options, onError);","        };","","        local.testCase_buildTest_default = local.testCase_buildTest_default || function (","            options,","            onError","        ) {","        /*","         * this function will test buildTest's default handling-behavior","         */","            options = {};","            local.buildTest(options, onError);","        };","","        local.testCase_webpage_default = local.testCase_webpage_default || function (","            options,","            onError","        ) {","        /*","         * this function will test webpage's default handling-behavior","         */","            options = { modeCoverageMerge: true, url: local.serverLocalHost + '?modeTest=1' };","            local.browserTest(options, onError);","        };","","        // run test-server","        local.testRunServer(local);","        break;","    }","}());",""],"l":{"12":2,"14":2,"19":2,"21":2,"23":2,"24":2,"25":2,"30":1,"37":2,"40":2,"43":1,"47":1,"50":1,"52":1,"55":2,"61":2,"62":2,"64":2,"70":1,"76":1,"82":2,"83":2,"85":2,"91":1,"98":1,"102":1,"105":1,"112":1,"119":1,"120":1,"123":1,"130":1,"131":1,"132":1,"133":1,"134":1,"135":1,"138":1,"143":2,"144":2,"147":1,"154":2,"155":2,"158":1,"165":2,"166":2,"169":1,"176":2,"177":2,"180":1,"187":1,"188":1,"192":1,"193":1}},"/home/travis/build/npmtest/node-npmtest-glamorous/lib.npmtest_glamorous.js":{"path":"/home/travis/build/npmtest/node-npmtest-glamorous/lib.npmtest_glamorous.js","s":{"1":2,"2":2,"3":2,"4":2,"5":2,"6":2,"7":2,"8":1,"9":2,"10":2,"11":2,"12":2,"13":1,"14":1,"15":1,"16":1},"b":{"1":[2,1,1,1],"2":[1,1,1,1],"3":[1,1],"4":[2,2],"5":[1,1]},"f":{"1":2,"2":2,"3":2},"fnMap":{"1":{"name":"(anonymous_1)","line":12,"loc":{"start":{"line":12,"column":1},"end":{"line":12,"column":13}}},"2":{"name":"(anonymous_2)","line":19,"loc":{"start":{"line":19,"column":5},"end":{"line":19,"column":17}}},"3":{"name":"(anonymous_3)","line":23,"loc":{"start":{"line":23,"column":24},"end":{"line":23,"column":36}}}},"statementMap":{"1":{"start":{"line":12,"column":0},"end":{"line":53,"column":5}},"2":{"start":{"line":14,"column":4},"end":{"line":14,"column":14}},"3":{"start":{"line":19,"column":4},"end":{"line":52,"column":9}},"4":{"start":{"line":21,"column":8},"end":{"line":21,"column":19}},"5":{"start":{"line":23,"column":8},"end":{"line":35,"column":13}},"6":{"start":{"line":24,"column":12},"end":{"line":34,"column":13}},"7":{"start":{"line":25,"column":16},"end":{"line":28,"column":30}},"8":{"start":{"line":30,"column":16},"end":{"line":33,"column":27}},"9":{"start":{"line":37,"column":8},"end":{"line":39,"column":21}},"10":{"start":{"line":41,"column":8},"end":{"line":41,"column":54}},"11":{"start":{"line":43,"column":8},"end":{"line":43,"column":54}},"12":{"start":{"line":45,"column":8},"end":{"line":51,"column":9}},"13":{"start":{"line":46,"column":12},"end":{"line":46,"column":60}},"14":{"start":{"line":48,"column":12},"end":{"line":48,"column":35}},"15":{"start":{"line":49,"column":12},"end":{"line":49,"column":49}},"16":{"start":{"line":50,"column":12},"end":{"line":50,"column":43}}},"branchMap":{"1":{"line":25,"type":"binary-expr","locations":[{"start":{"line":25,"column":23},"end":{"line":25,"column":62}},{"start":{"line":26,"column":20},"end":{"line":26,"column":70}},{"start":{"line":27,"column":20},"end":{"line":27,"column":71}},{"start":{"line":28,"column":20},"end":{"line":28,"column":29}}]},"2":{"line":30,"type":"binary-expr","locations":[{"start":{"line":30,"column":23},"end":{"line":30,"column":37}},{"start":{"line":31,"column":20},"end":{"line":31,"column":61}},{"start":{"line":32,"column":20},"end":{"line":32,"column":70}},{"start":{"line":33,"column":20},"end":{"line":33,"column":26}}]},"3":{"line":37,"type":"cond-expr","locations":[{"start":{"line":38,"column":14},"end":{"line":38,"column":20}},{"start":{"line":39,"column":14},"end":{"line":39,"column":20}}]},"4":{"line":41,"type":"binary-expr","locations":[{"start":{"line":41,"column":16},"end":{"line":41,"column":44}},{"start":{"line":41,"column":48},"end":{"line":41,"column":53}}]},"5":{"line":45,"type":"if","locations":[{"start":{"line":45,"column":8},"end":{"line":45,"column":8}},{"start":{"line":45,"column":8},"end":{"line":45,"column":8}}]}},"code":["/* istanbul instrument in package npmtest_glamorous */","/*jslint","    bitwise: true,","    browser: true,","    maxerr: 8,","    maxlen: 96,","    node: true,","    nomen: true,","    regexp: true,","    stupid: true","*/","(function () {","    'use strict';","    var local;","","","","    // run shared js-env code - pre-init","    (function () {","        // init local","        local = {};","        // init modeJs","        local.modeJs = (function () {","            try {","                return typeof navigator.userAgent === 'string' &&","                    typeof document.querySelector('body') === 'object' &&","                    typeof XMLHttpRequest.prototype.open === 'function' &&","                    'browser';","            } catch (errorCaughtBrowser) {","                return module.exports &&","                    typeof process.versions.node === 'string' &&","                    typeof require('http').createServer === 'function' &&","                    'node';","            }","        }());","        // init global","        local.global = local.modeJs === 'browser'","            ? window","            : global;","        // init utility2_rollup","        local = local.global.utility2_rollup || local;","        // init lib","        local.local = local.npmtest_glamorous = local;","        // init exports","        if (local.modeJs === 'browser') {","            local.global.utility2_npmtest_glamorous = local;","        } else {","            module.exports = local;","            module.exports.__dirname = __dirname;","            module.exports.module = module;","        }","    }());","}());",""],"l":{"12":2,"14":2,"19":2,"21":2,"23":2,"24":2,"25":2,"30":1,"37":2,"41":2,"43":2,"45":2,"46":1,"48":1,"49":1,"50":1}},"/home/travis/build/npmtest/node-npmtest-glamorous/example.js":{"path":"/home/travis/build/npmtest/node-npmtest-glamorous/example.js","s":{"1":2,"2":2,"3":2,"4":2,"5":2,"6":2,"7":2,"8":1,"9":2,"10":2,"11":2,"12":2,"13":1,"14":2,"15":2,"16":2,"17":2,"18":2,"19":0,"20":2,"21":1,"22":1,"23":1,"24":1,"25":1,"26":0,"27":0,"28":1,"29":1,"30":2,"31":0,"32":0,"33":0,"34":1,"35":2,"36":2,"37":3,"38":3,"39":3,"40":3,"41":0,"42":3,"43":3,"44":3,"45":1,"46":3,"47":1,"48":1,"49":1,"50":1,"51":1,"52":1,"53":1,"54":1,"55":1,"56":1,"57":0,"58":1,"59":6,"60":6,"61":1,"62":2,"63":0,"64":2,"65":1,"66":1,"67":0,"68":0,"69":0,"70":0,"71":0,"72":0,"73":0,"74":0,"75":0,"76":0,"77":0,"78":0,"79":0,"80":0,"81":0,"82":0,"83":0},"b":{"1":[2,1,1,1],"2":[1,1,1,1],"3":[1,1],"4":[2,2],"5":[1,1],"6":[1,1],"7":[2,0],"8":[2,1,1,1,1,1],"9":[0,2,0],"10":[1,1],"11":[2,1,1],"12":[1,0],"13":[0,2],"14":[2,0,0,0,0,0,0],"15":[0,3],"16":[3,0],"17":[1,1],"18":[0,1],"19":[1,2,0,2],"20":[1,0],"21":[1,1],"22":[0,0],"23":[0,0],"24":[0,0],"25":[0,0],"26":[0,0],"27":[0,0],"28":[0,0]},"f":{"1":2,"2":2,"3":2,"4":2,"5":2,"6":2,"7":3,"8":3,"9":3,"10":1,"11":6,"12":0},"fnMap":{"1":{"name":"(anonymous_1)","line":26,"loc":{"start":{"line":26,"column":1},"end":{"line":26,"column":13}}},"2":{"name":"(anonymous_2)","line":33,"loc":{"start":{"line":33,"column":5},"end":{"line":33,"column":17}}},"3":{"name":"(anonymous_3)","line":37,"loc":{"start":{"line":37,"column":24},"end":{"line":37,"column":36}}},"4":{"name":"(anonymous_4)","line":69,"loc":{"start":{"line":69,"column":31},"end":{"line":69,"column":48}},"skip":true},"5":{"name":"(anonymous_5)","line":78,"loc":{"start":{"line":78,"column":26},"end":{"line":78,"column":45}},"skip":true},"6":{"name":"(anonymous_6)","line":123,"loc":{"start":{"line":123,"column":33},"end":{"line":123,"column":48}},"skip":true},"7":{"name":"(anonymous_7)","line":125,"loc":{"start":{"line":125,"column":27},"end":{"line":125,"column":39}},"skip":true},"8":{"name":"(anonymous_8)","line":133,"loc":{"start":{"line":133,"column":59},"end":{"line":133,"column":74}},"skip":true},"9":{"name":"(anonymous_9)","line":143,"loc":{"start":{"line":143,"column":45},"end":{"line":143,"column":62}},"skip":true},"10":{"name":"(anonymous_10)","line":144,"loc":{"start":{"line":144,"column":73},"end":{"line":144,"column":92}},"skip":true},"11":{"name":"(anonymous_11)","line":272,"loc":{"start":{"line":272,"column":51},"end":{"line":272,"column":77}},"skip":true},"12":{"name":"(anonymous_12)","line":315,"loc":{"start":{"line":315,"column":32},"end":{"line":315,"column":61}},"skip":true}},"statementMap":{"1":{"start":{"line":26,"column":0},"end":{"line":326,"column":5}},"2":{"start":{"line":28,"column":4},"end":{"line":28,"column":14}},"3":{"start":{"line":33,"column":4},"end":{"line":60,"column":9}},"4":{"start":{"line":35,"column":8},"end":{"line":35,"column":19}},"5":{"start":{"line":37,"column":8},"end":{"line":49,"column":13}},"6":{"start":{"line":38,"column":12},"end":{"line":48,"column":13}},"7":{"start":{"line":39,"column":16},"end":{"line":42,"column":30}},"8":{"start":{"line":44,"column":16},"end":{"line":47,"column":27}},"9":{"start":{"line":51,"column":8},"end":{"line":53,"column":21}},"10":{"start":{"line":55,"column":8},"end":{"line":57,"column":45}},"11":{"start":{"line":59,"column":8},"end":{"line":59,"column":35}},"12":{"start":{"line":61,"column":4},"end":{"line":325,"column":5}},"13":{"start":{"line":69,"column":8},"end":{"line":121,"column":10},"skip":true},"14":{"start":{"line":70,"column":12},"end":{"line":88,"column":13},"skip":true},"15":{"start":{"line":76,"column":16},"end":{"line":87,"column":19},"skip":true},"16":{"start":{"line":79,"column":20},"end":{"line":86,"column":21},"skip":true},"17":{"start":{"line":82,"column":24},"end":{"line":82,"column":43},"skip":true},"18":{"start":{"line":83,"column":24},"end":{"line":83,"column":30},"skip":true},"19":{"start":{"line":85,"column":24},"end":{"line":85,"column":49},"skip":true},"20":{"start":{"line":89,"column":12},"end":{"line":107,"column":13},"skip":true},"21":{"start":{"line":92,"column":16},"end":{"line":102,"column":17},"skip":true},"22":{"start":{"line":93,"column":20},"end":{"line":93,"column":86},"skip":true},"23":{"start":{"line":94,"column":20},"end":{"line":95,"column":45},"skip":true},"24":{"start":{"line":96,"column":20},"end":{"line":96,"column":42},"skip":true},"25":{"start":{"line":97,"column":20},"end":{"line":97,"column":48},"skip":true},"26":{"start":{"line":100,"column":20},"end":{"line":100,"column":85},"skip":true},"27":{"start":{"line":101,"column":20},"end":{"line":101,"column":96},"skip":true},"28":{"start":{"line":103,"column":16},"end":{"line":103,"column":22},"skip":true},"29":{"start":{"line":106,"column":16},"end":{"line":106,"column":22},"skip":true},"30":{"start":{"line":108,"column":12},"end":{"line":120,"column":13},"skip":true},"31":{"start":{"line":114,"column":16},"end":{"line":119,"column":17},"skip":true},"32":{"start":{"line":116,"column":20},"end":{"line":116,"column":78},"skip":true},"33":{"start":{"line":118,"column":20},"end":{"line":118,"column":47},"skip":true},"34":{"start":{"line":123,"column":8},"end":{"line":141,"column":11},"skip":true},"35":{"start":{"line":124,"column":12},"end":{"line":124,"column":54},"skip":true},"36":{"start":{"line":125,"column":12},"end":{"line":140,"column":14},"skip":true},"37":{"start":{"line":126,"column":16},"end":{"line":126,"column":28},"skip":true},"38":{"start":{"line":127,"column":16},"end":{"line":127,"column":69},"skip":true},"39":{"start":{"line":128,"column":16},"end":{"line":128,"column":75},"skip":true},"40":{"start":{"line":129,"column":16},"end":{"line":131,"column":17},"skip":true},"41":{"start":{"line":130,"column":20},"end":{"line":130,"column":27},"skip":true},"42":{"start":{"line":133,"column":16},"end":{"line":137,"column":36},"skip":true},"43":{"start":{"line":134,"column":20},"end":{"line":136,"column":55},"skip":true},"44":{"start":{"line":139,"column":16},"end":{"line":139,"column":57},"skip":true},"45":{"start":{"line":143,"column":8},"end":{"line":147,"column":11},"skip":true},"46":{"start":{"line":144,"column":12},"end":{"line":146,"column":15},"skip":true},"47":{"start":{"line":145,"column":16},"end":{"line":145,"column":70},"skip":true},"48":{"start":{"line":149,"column":8},"end":{"line":149,"column":31},"skip":true},"49":{"start":{"line":150,"column":8},"end":{"line":150,"column":14},"skip":true},"50":{"start":{"line":158,"column":8},"end":{"line":158,"column":31},"skip":true},"51":{"start":{"line":160,"column":8},"end":{"line":160,"column":33},"skip":true},"52":{"start":{"line":161,"column":8},"end":{"line":161,"column":37},"skip":true},"53":{"start":{"line":162,"column":8},"end":{"line":162,"column":35},"skip":true},"54":{"start":{"line":164,"column":8},"end":{"line":164,"column":50},"skip":true},"55":{"start":{"line":166,"column":8},"end":{"line":256,"column":2},"skip":true},"56":{"start":{"line":258,"column":8},"end":{"line":286,"column":9},"skip":true},"57":{"start":{"line":259,"column":12},"end":{"line":269,"column":14},"skip":true},"58":{"start":{"line":271,"column":12},"end":{"line":285,"column":19},"skip":true},"59":{"start":{"line":274,"column":20},"end":{"line":274,"column":35},"skip":true},"60":{"start":{"line":275,"column":20},"end":{"line":284,"column":21},"skip":true},"61":{"start":{"line":277,"column":24},"end":{"line":277,"column":64},"skip":true},"62":{"start":{"line":279,"column":24},"end":{"line":279,"column":40},"skip":true},"63":{"start":{"line":281,"column":24},"end":{"line":281,"column":40},"skip":true},"64":{"start":{"line":283,"column":24},"end":{"line":283,"column":39},"skip":true},"65":{"start":{"line":288,"column":8},"end":{"line":290,"column":9},"skip":true},"66":{"start":{"line":289,"column":12},"end":{"line":289,"column":18},"skip":true},"67":{"start":{"line":291,"column":8},"end":{"line":293,"column":54},"skip":true},"68":{"start":{"line":296,"column":8},"end":{"line":301,"column":37},"skip":true},"69":{"start":{"line":303,"column":8},"end":{"line":303,"column":82},"skip":true},"70":{"start":{"line":306,"column":8},"end":{"line":308,"column":9},"skip":true},"71":{"start":{"line":307,"column":12},"end":{"line":307,"column":82},"skip":true},"72":{"start":{"line":310,"column":8},"end":{"line":312,"column":9},"skip":true},"73":{"start":{"line":311,"column":12},"end":{"line":311,"column":18},"skip":true},"74":{"start":{"line":313,"column":8},"end":{"line":313,"column":54},"skip":true},"75":{"start":{"line":314,"column":8},"end":{"line":314,"column":69},"skip":true},"76":{"start":{"line":315,"column":8},"end":{"line":323,"column":36},"skip":true},"77":{"start":{"line":316,"column":12},"end":{"line":316,"column":61},"skip":true},"78":{"start":{"line":317,"column":12},"end":{"line":320,"column":13},"skip":true},"79":{"start":{"line":318,"column":16},"end":{"line":318,"column":75},"skip":true},"80":{"start":{"line":319,"column":16},"end":{"line":319,"column":23},"skip":true},"81":{"start":{"line":321,"column":12},"end":{"line":321,"column":38},"skip":true},"82":{"start":{"line":322,"column":12},"end":{"line":322,"column":27},"skip":true},"83":{"start":{"line":324,"column":8},"end":{"line":324,"column":14},"skip":true}},"branchMap":{"1":{"line":39,"type":"binary-expr","locations":[{"start":{"line":39,"column":23},"end":{"line":39,"column":62}},{"start":{"line":40,"column":20},"end":{"line":40,"column":70}},{"start":{"line":41,"column":20},"end":{"line":41,"column":71}},{"start":{"line":42,"column":20},"end":{"line":42,"column":29}}]},"2":{"line":44,"type":"binary-expr","locations":[{"start":{"line":44,"column":23},"end":{"line":44,"column":37}},{"start":{"line":45,"column":20},"end":{"line":45,"column":61}},{"start":{"line":46,"column":20},"end":{"line":46,"column":70}},{"start":{"line":47,"column":20},"end":{"line":47,"column":26}}]},"3":{"line":51,"type":"cond-expr","locations":[{"start":{"line":52,"column":14},"end":{"line":52,"column":20}},{"start":{"line":53,"column":14},"end":{"line":53,"column":20}}]},"4":{"line":55,"type":"binary-expr","locations":[{"start":{"line":55,"column":16},"end":{"line":55,"column":44}},{"start":{"line":55,"column":49},"end":{"line":57,"column":43}}]},"5":{"line":55,"type":"cond-expr","locations":[{"start":{"line":56,"column":14},"end":{"line":56,"column":53}},{"start":{"line":57,"column":14},"end":{"line":57,"column":43}}]},"6":{"line":61,"type":"switch","locations":[{"start":{"line":68,"column":4},"end":{"line":150,"column":14},"skip":true},{"start":{"line":156,"column":4},"end":{"line":324,"column":14},"skip":true}]},"7":{"line":70,"type":"if","locations":[{"start":{"line":70,"column":12},"end":{"line":70,"column":12},"skip":true},{"start":{"line":70,"column":12},"end":{"line":70,"column":12},"skip":true}]},"8":{"line":70,"type":"binary-expr","locations":[{"start":{"line":70,"column":16},"end":{"line":70,"column":22},"skip":true},{"start":{"line":70,"column":27},"end":{"line":70,"column":32},"skip":true},{"start":{"line":71,"column":20},"end":{"line":71,"column":39},"skip":true},{"start":{"line":72,"column":20},"end":{"line":72,"column":49},"skip":true},{"start":{"line":73,"column":20},"end":{"line":73,"column":58},"skip":true},{"start":{"line":74,"column":20},"end":{"line":74,"column":69},"skip":true}]},"9":{"line":79,"type":"switch","locations":[{"start":{"line":80,"column":20},"end":{"line":80,"column":33},"skip":true},{"start":{"line":81,"column":20},"end":{"line":83,"column":30},"skip":true},{"start":{"line":84,"column":20},"end":{"line":85,"column":49},"skip":true}]},"10":{"line":89,"type":"switch","locations":[{"start":{"line":90,"column":12},"end":{"line":103,"column":22},"skip":true},{"start":{"line":105,"column":12},"end":{"line":106,"column":22},"skip":true}]},"11":{"line":89,"type":"binary-expr","locations":[{"start":{"line":89,"column":20},"end":{"line":89,"column":25},"skip":true},{"start":{"line":89,"column":29},"end":{"line":89,"column":48},"skip":true},{"start":{"line":89,"column":52},"end":{"line":89,"column":74},"skip":true}]},"12":{"line":92,"type":"if","locations":[{"start":{"line":92,"column":16},"end":{"line":92,"column":16},"skip":true},{"start":{"line":92,"column":16},"end":{"line":92,"column":16},"skip":true}]},"13":{"line":108,"type":"if","locations":[{"start":{"line":108,"column":12},"end":{"line":108,"column":12},"skip":true},{"start":{"line":108,"column":12},"end":{"line":108,"column":12},"skip":true}]},"14":{"line":108,"type":"binary-expr","locations":[{"start":{"line":108,"column":16},"end":{"line":108,"column":61},"skip":true},{"start":{"line":108,"column":66},"end":{"line":108,"column":72},"skip":true},{"start":{"line":108,"column":77},"end":{"line":108,"column":82},"skip":true},{"start":{"line":109,"column":20},"end":{"line":109,"column":39},"skip":true},{"start":{"line":110,"column":20},"end":{"line":110,"column":49},"skip":true},{"start":{"line":111,"column":20},"end":{"line":111,"column":58},"skip":true},{"start":{"line":112,"column":20},"end":{"line":112,"column":68},"skip":true}]},"15":{"line":129,"type":"if","locations":[{"start":{"line":129,"column":16},"end":{"line":129,"column":16},"skip":true},{"start":{"line":129,"column":16},"end":{"line":129,"column":16},"skip":true}]},"16":{"line":134,"type":"cond-expr","locations":[{"start":{"line":135,"column":26},"end":{"line":135,"column":29},"skip":true},{"start":{"line":136,"column":26},"end":{"line":136,"column":54},"skip":true}]},"17":{"line":164,"type":"binary-expr","locations":[{"start":{"line":164,"column":27},"end":{"line":164,"column":43},"skip":true},{"start":{"line":164,"column":47},"end":{"line":164,"column":49},"skip":true}]},"18":{"line":258,"type":"if","locations":[{"start":{"line":258,"column":8},"end":{"line":258,"column":8},"skip":true},{"start":{"line":258,"column":8},"end":{"line":258,"column":8},"skip":true}]},"19":{"line":275,"type":"switch","locations":[{"start":{"line":276,"column":20},"end":{"line":277,"column":64},"skip":true},{"start":{"line":278,"column":20},"end":{"line":279,"column":40},"skip":true},{"start":{"line":280,"column":20},"end":{"line":281,"column":40},"skip":true},{"start":{"line":282,"column":20},"end":{"line":283,"column":39},"skip":true}]},"20":{"line":288,"type":"if","locations":[{"start":{"line":288,"column":8},"end":{"line":288,"column":8},"skip":true},{"start":{"line":288,"column":8},"end":{"line":288,"column":8},"skip":true}]},"21":{"line":288,"type":"binary-expr","locations":[{"start":{"line":288,"column":12},"end":{"line":288,"column":40},"skip":true},{"start":{"line":288,"column":44},"end":{"line":288,"column":67},"skip":true}]},"22":{"line":292,"type":"binary-expr","locations":[{"start":{"line":292,"column":12},"end":{"line":292,"column":50},"skip":true},{"start":{"line":293,"column":12},"end":{"line":293,"column":53},"skip":true}]},"23":{"line":297,"type":"binary-expr","locations":[{"start":{"line":297,"column":12},"end":{"line":297,"column":67},"skip":true},{"start":{"line":298,"column":12},"end":{"line":301,"column":36},"skip":true}]},"24":{"line":303,"type":"binary-expr","locations":[{"start":{"line":303,"column":43},"end":{"line":303,"column":75},"skip":true},{"start":{"line":303,"column":79},"end":{"line":303,"column":81},"skip":true}]},"25":{"line":306,"type":"if","locations":[{"start":{"line":306,"column":8},"end":{"line":306,"column":8},"skip":true},{"start":{"line":306,"column":8},"end":{"line":306,"column":8},"skip":true}]},"26":{"line":310,"type":"if","locations":[{"start":{"line":310,"column":8},"end":{"line":310,"column":8},"skip":true},{"start":{"line":310,"column":8},"end":{"line":310,"column":8},"skip":true}]},"27":{"line":313,"type":"binary-expr","locations":[{"start":{"line":313,"column":27},"end":{"line":313,"column":43},"skip":true},{"start":{"line":313,"column":47},"end":{"line":313,"column":53},"skip":true}]},"28":{"line":317,"type":"if","locations":[{"start":{"line":317,"column":12},"end":{"line":317,"column":12},"skip":true},{"start":{"line":317,"column":12},"end":{"line":317,"column":12},"skip":true}]}},"code":["/*","example.js","","quickstart example","","instruction","    1. save this script as example.js","    2. run the shell command:","        $ npm install npmtest-glamorous && PORT=8081 node example.js","    3. play with the browser-demo on http://127.0.0.1:8081","*/","","","","/* istanbul instrument in package npmtest_glamorous */","/*jslint","    bitwise: true,","    browser: true,","    maxerr: 8,","    maxlen: 96,","    node: true,","    nomen: true,","    regexp: true,","    stupid: true","*/","(function () {","    'use strict';","    var local;","","","","    // run shared js-env code - pre-init","    (function () {","        // init local","        local = {};","        // init modeJs","        local.modeJs = (function () {","            try {","                return typeof navigator.userAgent === 'string' &&","                    typeof document.querySelector('body') === 'object' &&","                    typeof XMLHttpRequest.prototype.open === 'function' &&","                    'browser';","            } catch (errorCaughtBrowser) {","                return module.exports &&","                    typeof process.versions.node === 'string' &&","                    typeof require('http').createServer === 'function' &&","                    'node';","            }","        }());","        // init global","        local.global = local.modeJs === 'browser'","            ? window","            : global;","        // init utility2_rollup","        local = local.global.utility2_rollup || (local.modeJs === 'browser'","            ? local.global.utility2_npmtest_glamorous","            : global.utility2_moduleExports);","        // export local","        local.global.local = local;","    }());","    switch (local.modeJs) {","","","","    // post-init","    // run browser js-env code - post-init","    /* istanbul ignore next */","    case 'browser':","        local.testRunBrowser = function (event) {","            if (!event || (event &&","                    event.currentTarget &&","                    event.currentTarget.className &&","                    event.currentTarget.className.includes &&","                    event.currentTarget.className.includes('onreset'))) {","                // reset output","                Array.from(","                    document.querySelectorAll('body > .resettable')","                ).forEach(function (element) {","                    switch (element.tagName) {","                    case 'INPUT':","                    case 'TEXTAREA':","                        element.value = '';","                        break;","                    default:","                        element.textContent = '';","                    }","                });","            }","            switch (event && event.currentTarget && event.currentTarget.id) {","            case 'testRunButton1':","                // show tests","                if (document.querySelector('#testReportDiv1').style.display === 'none') {","                    document.querySelector('#testReportDiv1').style.display = 'block';","                    document.querySelector('#testRunButton1').textContent =","                        'hide internal test';","                    local.modeTest = true;","                    local.testRunDefault(local);","                // hide tests","                } else {","                    document.querySelector('#testReportDiv1').style.display = 'none';","                    document.querySelector('#testRunButton1').textContent = 'run internal test';","                }","                break;","            // custom-case","            default:","                break;","            }","            if (document.querySelector('#inputTextareaEval1') && (!event || (event &&","                    event.currentTarget &&","                    event.currentTarget.className &&","                    event.currentTarget.className.includes &&","                    event.currentTarget.className.includes('oneval')))) {","                // try to eval input-code","                try {","                    /*jslint evil: true*/","                    eval(document.querySelector('#inputTextareaEval1').value);","                } catch (errorCaught) {","                    console.error(errorCaught);","                }","            }","        };","        // log stderr and stdout to #outputTextareaStdout1","        ['error', 'log'].forEach(function (key) {","            console[key + '_original'] = console[key];","            console[key] = function () {","                var element;","                console[key + '_original'].apply(console, arguments);","                element = document.querySelector('#outputTextareaStdout1');","                if (!element) {","                    return;","                }","                // append text to #outputTextareaStdout1","                element.value += Array.from(arguments).map(function (arg) {","                    return typeof arg === 'string'","                        ? arg","                        : JSON.stringify(arg, null, 4);","                }).join(' ') + '\\n';","                // scroll textarea to bottom","                element.scrollTop = element.scrollHeight;","            };","        });","        // init event-handling","        ['change', 'click', 'keyup'].forEach(function (event) {","            Array.from(document.querySelectorAll('.on' + event)).forEach(function (element) {","                element.addEventListener(event, local.testRunBrowser);","            });","        });","        // run tests","        local.testRunBrowser();","        break;","","","","    // run node js-env code - post-init","    /* istanbul ignore next */","    case 'node':","        // export local","        module.exports = local;","        // require modules","        local.fs = require('fs');","        local.http = require('http');","        local.url = require('url');","        // init assets","        local.assetsDict = local.assetsDict || {};","        /* jslint-ignore-begin */","        local.assetsDict['/assets.index.template.html'] = '\\","<!doctype html>\\n\\","<html lang=\"en\">\\n\\","<head>\\n\\","<meta charset=\"UTF-8\">\\n\\","<meta name=\"viewport\" content=\"width=device-width, initial-scale=1\">\\n\\","<title>{{env.npm_package_name}} (v{{env.npm_package_version}})</title>\\n\\","<style>\\n\\","/*csslint\\n\\","    box-sizing: false,\\n\\","    universal-selector: false\\n\\","*/\\n\\","* {\\n\\","    box-sizing: border-box;\\n\\","}\\n\\","body {\\n\\","    background: #dde;\\n\\","    font-family: Arial, Helvetica, sans-serif;\\n\\","    margin: 2rem;\\n\\","}\\n\\","body > * {\\n\\","    margin-bottom: 1rem;\\n\\","}\\n\\",".utility2FooterDiv {\\n\\","    margin-top: 20px;\\n\\","    text-align: center;\\n\\","}\\n\\","</style>\\n\\","<style>\\n\\","/*csslint\\n\\","*/\\n\\","textarea {\\n\\","    font-family: monospace;\\n\\","    height: 10rem;\\n\\","    width: 100%;\\n\\","}\\n\\","textarea[readonly] {\\n\\","    background: #ddd;\\n\\","}\\n\\","</style>\\n\\","</head>\\n\\","<body>\\n\\","<!-- utility2-comment\\n\\","<div id=\"ajaxProgressDiv1\" style=\"background: #d00; height: 2px; left: 0; margin: 0; padding: 0; position: fixed; top: 0; transition: background 0.5s, width 1.5s; width: 25%;\"></div>\\n\\","utility2-comment -->\\n\\","<h1>\\n\\","<!-- utility2-comment\\n\\","    <a\\n\\","        {{#if env.npm_package_homepage}}\\n\\","        href=\"{{env.npm_package_homepage}}\"\\n\\","        {{/if env.npm_package_homepage}}\\n\\","        target=\"_blank\"\\n\\","    >\\n\\","utility2-comment -->\\n\\","        {{env.npm_package_name}} (v{{env.npm_package_version}})\\n\\","<!-- utility2-comment\\n\\","    </a>\\n\\","utility2-comment -->\\n\\","</h1>\\n\\","<h3>{{env.npm_package_description}}</h3>\\n\\","<!-- utility2-comment\\n\\","<h4><a download href=\"assets.app.js\">download standalone app</a></h4>\\n\\","<button class=\"onclick onreset\" id=\"testRunButton1\">run internal test</button><br>\\n\\","<div id=\"testReportDiv1\" style=\"display: none;\"></div>\\n\\","utility2-comment -->\\n\\","\\n\\","\\n\\","\\n\\","<label>stderr and stdout</label>\\n\\","<textarea class=\"resettable\" id=\"outputTextareaStdout1\" readonly></textarea>\\n\\","<!-- utility2-comment\\n\\","{{#if isRollup}}\\n\\","<script src=\"assets.app.js\"></script>\\n\\","{{#unless isRollup}}\\n\\","utility2-comment -->\\n\\","<script src=\"assets.utility2.rollup.js\"></script>\\n\\","<script src=\"jsonp.utility2._stateInit?callback=window.utility2._stateInit\"></script>\\n\\","<script src=\"assets.npmtest_glamorous.rollup.js\"></script>\\n\\","<script src=\"assets.example.js\"></script>\\n\\","<script src=\"assets.test.js\"></script>\\n\\","<!-- utility2-comment\\n\\","{{/if isRollup}}\\n\\","utility2-comment -->\\n\\","<div class=\"utility2FooterDiv\">\\n\\","    [ this app was created with\\n\\","    <a href=\"https://github.com/kaizhu256/node-utility2\" target=\"_blank\">utility2</a>\\n\\","    ]\\n\\","</div>\\n\\","</body>\\n\\","</html>\\n\\","';","        /* jslint-ignore-end */","        if (local.templateRender) {","            local.assetsDict['/'] = local.templateRender(","                local.assetsDict['/assets.index.template.html'],","                {","                    env: local.objectSetDefault(local.env, {","                        npm_package_description: 'the greatest app in the world!',","                        npm_package_name: 'my-app',","                        npm_package_nameAlias: 'my_app',","                        npm_package_version: '0.0.1'","                    })","                }","            );","        } else {","            local.assetsDict['/'] = local.assetsDict['/assets.index.template.html']","                .replace((/\\{\\{env\\.(\\w+?)\\}\\}/g), function (match0, match1) {","                    // jslint-hack","                    String(match0);","                    switch (match1) {","                    case 'npm_package_description':","                        return 'the greatest app in the world!';","                    case 'npm_package_name':","                        return 'my-app';","                    case 'npm_package_nameAlias':","                        return 'my_app';","                    case 'npm_package_version':","                        return '0.0.1';","                    }","                });","        }","        // run the cli","        if (local.global.utility2_rollup || module !== require.main) {","            break;","        }","        local.assetsDict['/assets.example.js'] =","            local.assetsDict['/assets.example.js'] ||","            local.fs.readFileSync(__filename, 'utf8');","        // bug-workaround - long $npm_package_buildCustomOrg","        /* jslint-ignore-begin */","        local.assetsDict['/assets.npmtest_glamorous.rollup.js'] =","            local.assetsDict['/assets.npmtest_glamorous.rollup.js'] ||","            local.fs.readFileSync(","                local.npmtest_glamorous.__dirname + '/lib.npmtest_glamorous.js',","                'utf8'","            ).replace((/^#!/), '//');","        /* jslint-ignore-end */","        local.assetsDict['/favicon.ico'] = local.assetsDict['/favicon.ico'] || '';","        // if $npm_config_timeout_exit exists,","        // then exit this process after $npm_config_timeout_exit ms","        if (Number(process.env.npm_config_timeout_exit)) {","            setTimeout(process.exit, Number(process.env.npm_config_timeout_exit));","        }","        // start server","        if (local.global.utility2_serverHttp1) {","            break;","        }","        process.env.PORT = process.env.PORT || '8081';","        console.error('server starting on port ' + process.env.PORT);","        local.http.createServer(function (request, response) {","            request.urlParsed = local.url.parse(request.url);","            if (local.assetsDict[request.urlParsed.pathname] !== undefined) {","                response.end(local.assetsDict[request.urlParsed.pathname]);","                return;","            }","            response.statusCode = 404;","            response.end();","        }).listen(process.env.PORT);","        break;","    }","}());",""],"l":{"26":2,"28":2,"33":2,"35":2,"37":2,"38":2,"39":2,"44":1,"51":2,"55":2,"59":2,"61":2,"69":1,"70":2,"76":2,"79":2,"82":2,"83":2,"85":1,"89":2,"92":1,"93":1,"94":1,"96":1,"97":1,"100":1,"101":1,"103":1,"106":1,"108":2,"114":1,"116":1,"118":1,"123":1,"124":2,"125":2,"126":3,"127":3,"128":3,"129":3,"130":1,"133":3,"134":3,"139":3,"143":1,"144":3,"145":1,"149":1,"150":1,"158":1,"160":1,"161":1,"162":1,"164":1,"166":1,"258":1,"259":1,"271":1,"274":6,"275":6,"277":1,"279":2,"281":1,"283":2,"288":1,"289":1,"291":1,"296":1,"303":1,"306":1,"307":1,"310":1,"311":1,"313":1,"314":1,"315":1,"316":1,"317":1,"318":1,"319":1,"321":1,"322":1,"324":1}},"/home/travis/build/npmtest/node-npmtest-glamorous/node_modules/glamorous/dist/glamorous.cjs.js":{"path":"/home/travis/build/npmtest/node-npmtest-glamorous/node_modules/glamorous/dist/glamorous.cjs.js","s":{"1":1,"2":1,"3":1,"4":1,"5":1,"6":1,"7":1,"8":1,"9":249,"10":1,"11":1,"12":1,"13":1,"14":1,"15":1,"16":1,"17":0,"18":0,"19":1,"20":1,"21":239,"22":1197,"23":1197,"24":1197,"25":1197,"26":1197,"27":1197,"28":1,"29":239,"30":239,"31":239,"32":0,"33":239,"34":1,"35":240,"36":0,"37":240,"38":240,"39":1,"40":0,"41":0,"42":0,"43":0,"44":0,"45":0,"46":1,"47":239,"48":0,"49":239,"50":239,"51":239,"52":1,"53":0,"54":0,"55":0,"56":0,"57":0,"58":0,"59":0,"60":0,"61":1,"62":0,"63":0,"64":0,"65":1,"66":0,"67":0,"68":0,"69":0,"70":0,"71":1,"72":0,"73":1,"74":0,"75":0,"76":1,"77":0,"78":0,"79":0,"80":0,"81":0,"82":0,"83":0,"84":0,"85":0,"86":0,"87":0,"88":0,"89":0,"90":0,"91":0,"92":0,"93":0,"94":0,"95":0,"96":0,"97":1,"98":0,"99":0,"100":0,"101":0,"102":0,"103":0,"104":0,"105":0,"106":0,"107":0,"108":0,"109":0,"110":0,"111":0,"112":1,"113":1,"114":1,"115":0,"116":0,"117":0,"118":0,"119":0,"120":0,"121":0,"122":1,"123":0,"124":0,"125":0,"126":0,"127":0,"128":0,"129":0,"130":0,"131":0,"132":0,"133":0,"134":0,"135":1,"136":1,"137":1,"138":1,"139":1,"140":0,"141":0,"142":0,"143":0,"144":0,"145":0,"146":0,"147":0,"148":1,"149":0,"150":0,"151":0,"152":0,"153":0,"154":0,"155":0,"156":1,"157":1,"158":238,"159":238,"160":1,"161":238,"162":0,"163":238,"164":238,"165":1,"166":0,"167":0,"168":0,"169":0,"170":0,"171":0,"172":0,"173":238,"174":0,"175":0,"176":0,"177":0,"178":0,"179":0,"180":0,"181":0,"182":0,"183":0,"184":0,"185":0,"186":0,"187":0,"188":238,"189":238,"190":238,"191":238,"192":238,"193":1,"194":238,"195":238,"196":238,"197":1,"198":238,"199":1,"200":1,"201":1,"202":1,"203":1,"204":1,"205":0,"206":1,"207":0,"208":0,"209":0,"210":0,"211":0,"212":0,"213":1,"214":0,"215":0,"216":0,"217":0,"218":0,"219":0,"220":0,"221":1,"222":1,"223":1,"224":1,"225":1,"226":0,"227":1,"228":1,"229":1,"230":0,"231":1,"232":0,"233":1,"234":0,"235":1,"236":1,"237":1,"238":1,"239":1,"240":1,"241":1,"242":1,"243":1,"244":1,"245":1,"246":1,"247":1,"248":1,"249":1,"250":1,"251":1,"252":1,"253":1,"254":1,"255":1,"256":1,"257":1,"258":1,"259":1,"260":1,"261":1,"262":1,"263":1,"264":1,"265":1,"266":1,"267":1,"268":1,"269":1,"270":1,"271":1,"272":1,"273":1,"274":1,"275":1,"276":1,"277":1,"278":1,"279":1,"280":1,"281":1,"282":1,"283":1,"284":1,"285":1,"286":1,"287":1,"288":1,"289":1,"290":1,"291":1,"292":1,"293":1,"294":1,"295":1,"296":1,"297":1,"298":1,"299":1,"300":1,"301":1,"302":1,"303":1,"304":1,"305":1,"306":1,"307":1,"308":1,"309":1,"310":1,"311":1,"312":1,"313":1,"314":1,"315":1,"316":1,"317":1,"318":0,"319":0,"320":1,"321":0,"322":1,"323":0,"324":1,"325":0,"326":1,"327":1,"328":0,"329":0,"330":0,"331":0,"332":0,"333":0,"334":0,"335":0,"336":0,"337":0,"338":0,"339":0,"340":0,"341":0,"342":1,"343":1,"344":238,"345":238,"346":1,"347":238,"348":238,"349":238,"350":238,"351":238,"352":1,"353":238,"354":1,"355":1,"356":1,"357":3,"358":2,"359":3,"360":1},"b":{"1":[0,1],"2":[1,1,1],"3":[1,0],"4":[1,0],"5":[0,0],"6":[1197,1197],"7":[1197,0],"8":[239,0],"9":[0,239],"10":[0,240],"11":[1,0],"12":[0,0],"13":[0,239],"14":[239,0],"15":[239,239],"16":[239,0],"17":[239,0],"18":[0,0],"19":[0,0],"20":[0,0],"21":[0,0],"22":[0,0,0],"23":[0,0],"24":[0,0],"25":[0,0],"26":[0,0],"27":[0,0,0],"28":[0,0],"29":[0,0],"30":[0,0],"31":[0,0],"32":[0,0],"33":[0,0],"34":[0,0],"35":[0,0],"36":[0,0],"37":[0,0],"38":[0,0],"39":[0,0],"40":[0,0],"41":[0,238],"42":[238,0],"43":[238,0],"44":[0,0],"45":[0,0],"46":[0,0],"47":[0,0],"48":[0,0],"49":[0,0],"50":[0,0],"51":[0,0],"52":[0,0],"53":[0,238],"54":[0,238],"55":[238,238],"56":[238,238],"57":[238,0],"58":[0,0,0],"59":[0,1],"60":[1,0],"61":[0,1],"62":[1,0],"63":[0,1],"64":[1,0],"65":[0,0,0],"66":[0,0],"67":[0,0],"68":[0,0],"69":[0,1],"70":[0,1],"71":[1,1],"72":[1,1,0],"73":[0,0],"74":[0,0],"75":[0,0,0,0,0,0],"76":[0,0],"77":[0,0],"78":[0,0],"79":[0,0],"80":[0,0],"81":[0,0],"82":[2,1]},"f":{"1":1,"2":249,"3":0,"4":1,"5":239,"6":239,"7":240,"8":0,"9":239,"10":0,"11":0,"12":0,"13":0,"14":0,"15":0,"16":0,"17":0,"18":0,"19":0,"20":0,"21":0,"22":0,"23":0,"24":0,"25":0,"26":0,"27":0,"28":0,"29":1,"30":0,"31":0,"32":0,"33":0,"34":0,"35":0,"36":0,"37":0,"38":0,"39":0,"40":0,"41":0,"42":1,"43":238,"44":238,"45":238,"46":0,"47":0,"48":0,"49":0,"50":0,"51":0,"52":0,"53":238,"54":238,"55":1,"56":0,"57":0,"58":0,"59":1,"60":0,"61":1,"62":0,"63":0,"64":0,"65":1,"66":1,"67":1,"68":1,"69":0,"70":0,"71":0,"72":0,"73":0,"74":0,"75":238,"76":238,"77":238,"78":3},"fnMap":{"1":{"name":"_interopDefault","line":3,"loc":{"start":{"line":3,"column":0},"end":{"line":3,"column":30}}},"2":{"name":"(anonymous_2)","line":266,"loc":{"start":{"line":266,"column":58},"end":{"line":266,"column":87}}},"3":{"name":"(anonymous_3)","line":288,"loc":{"start":{"line":288,"column":21},"end":{"line":288,"column":54}}},"4":{"name":"(anonymous_4)","line":294,"loc":{"start":{"line":294,"column":18},"end":{"line":294,"column":30}}},"5":{"name":"defineProperties","line":295,"loc":{"start":{"line":295,"column":2},"end":{"line":295,"column":43}}},"6":{"name":"(anonymous_6)","line":305,"loc":{"start":{"line":305,"column":9},"end":{"line":305,"column":57}}},"7":{"name":"(anonymous_7)","line":316,"loc":{"start":{"line":316,"column":21},"end":{"line":316,"column":48}}},"8":{"name":"(anonymous_8)","line":331,"loc":{"start":{"line":331,"column":32},"end":{"line":331,"column":50}}},"9":{"name":"(anonymous_9)","line":347,"loc":{"start":{"line":347,"column":15},"end":{"line":347,"column":47}}},"10":{"name":"(anonymous_10)","line":371,"loc":{"start":{"line":371,"column":30},"end":{"line":371,"column":51}}},"11":{"name":"(anonymous_11)","line":383,"loc":{"start":{"line":383,"column":32},"end":{"line":383,"column":54}}},"12":{"name":"(anonymous_12)","line":409,"loc":{"start":{"line":409,"column":24},"end":{"line":409,"column":39}}},"13":{"name":"generateWarningMessage","line":419,"loc":{"start":{"line":419,"column":0},"end":{"line":419,"column":47}}},"14":{"name":"withTheme","line":424,"loc":{"start":{"line":424,"column":0},"end":{"line":424,"column":37}}},"15":{"name":"(anonymous_15)","line":425,"loc":{"start":{"line":425,"column":24},"end":{"line":425,"column":46}}},"16":{"name":"ThemedComponent","line":428,"loc":{"start":{"line":428,"column":4},"end":{"line":428,"column":31}}},"17":{"name":"(anonymous_17)","line":439,"loc":{"start":{"line":439,"column":241},"end":{"line":439,"column":258}}},"18":{"name":"componentWillMount","line":446,"loc":{"start":{"line":446,"column":13},"end":{"line":446,"column":43}}},"19":{"name":"componentDidMount","line":460,"loc":{"start":{"line":460,"column":13},"end":{"line":460,"column":42}}},"20":{"name":"componentWillUnmount","line":467,"loc":{"start":{"line":467,"column":13},"end":{"line":467,"column":45}}},"21":{"name":"render","line":473,"loc":{"start":{"line":473,"column":13},"end":{"line":473,"column":31}}},"22":{"name":"createBroadcast","line":485,"loc":{"start":{"line":485,"column":0},"end":{"line":485,"column":40}}},"23":{"name":"(anonymous_23)","line":489,"loc":{"start":{"line":489,"column":17},"end":{"line":489,"column":29}}},"24":{"name":"(anonymous_24)","line":491,"loc":{"start":{"line":491,"column":17},"end":{"line":491,"column":34}}},"25":{"name":"(anonymous_25)","line":493,"loc":{"start":{"line":493,"column":22},"end":{"line":493,"column":42}}},"26":{"name":"(anonymous_26)","line":496,"loc":{"start":{"line":496,"column":18},"end":{"line":496,"column":38}}},"27":{"name":"unsubscribe","line":499,"loc":{"start":{"line":499,"column":11},"end":{"line":499,"column":35}}},"28":{"name":"(anonymous_28)","line":500,"loc":{"start":{"line":500,"column":35},"end":{"line":500,"column":51}}},"29":{"name":"(anonymous_29)","line":516,"loc":{"start":{"line":516,"column":20},"end":{"line":516,"column":42}}},"30":{"name":"ThemeProvider","line":519,"loc":{"start":{"line":519,"column":2},"end":{"line":519,"column":27}}},"31":{"name":"(anonymous_31)","line":530,"loc":{"start":{"line":530,"column":265},"end":{"line":530,"column":282}}},"32":{"name":"getTheme","line":540,"loc":{"start":{"line":540,"column":11},"end":{"line":540,"column":42}}},"33":{"name":"getChildContext","line":546,"loc":{"start":{"line":546,"column":11},"end":{"line":546,"column":38}}},"34":{"name":"componentDidMount","line":551,"loc":{"start":{"line":551,"column":11},"end":{"line":551,"column":40}}},"35":{"name":"componentWillMount","line":559,"loc":{"start":{"line":559,"column":11},"end":{"line":559,"column":41}}},"36":{"name":"componentWillReceiveProps","line":568,"loc":{"start":{"line":568,"column":11},"end":{"line":568,"column":57}}},"37":{"name":"componentWillUnmount","line":575,"loc":{"start":{"line":575,"column":11},"end":{"line":575,"column":43}}},"38":{"name":"render","line":580,"loc":{"start":{"line":580,"column":11},"end":{"line":580,"column":29}}},"39":{"name":"extractGlamorStyles","line":607,"loc":{"start":{"line":607,"column":0},"end":{"line":607,"column":31}}},"40":{"name":"(anonymous_40)","line":610,"loc":{"start":{"line":610,"column":48},"end":{"line":610,"column":72}}},"41":{"name":"getGlamorClassName$1","line":624,"loc":{"start":{"line":624,"column":0},"end":{"line":624,"column":66}}},"42":{"name":"createGlamorous","line":644,"loc":{"start":{"line":644,"column":0},"end":{"line":644,"column":37}}},"43":{"name":"glamorous","line":656,"loc":{"start":{"line":656,"column":9},"end":{"line":656,"column":34}}},"44":{"name":"glamorousComponentFactory","line":673,"loc":{"start":{"line":673,"column":4},"end":{"line":673,"column":41}}},"45":{"name":"(anonymous_45)","line":685,"loc":{"start":{"line":685,"column":31},"end":{"line":685,"column":53}}},"46":{"name":"GlamorousComponent","line":688,"loc":{"start":{"line":688,"column":8},"end":{"line":688,"column":38}}},"47":{"name":"(anonymous_47)","line":699,"loc":{"start":{"line":699,"column":255},"end":{"line":699,"column":272}}},"48":{"name":"componentWillMount","line":706,"loc":{"start":{"line":706,"column":17},"end":{"line":706,"column":47}}},"49":{"name":"componentWillReceiveProps","line":719,"loc":{"start":{"line":719,"column":17},"end":{"line":719,"column":63}}},"50":{"name":"componentDidMount","line":726,"loc":{"start":{"line":726,"column":17},"end":{"line":726,"column":46}}},"51":{"name":"componentWillUnmount","line":734,"loc":{"start":{"line":734,"column":17},"end":{"line":734,"column":49}}},"52":{"name":"render","line":740,"loc":{"start":{"line":740,"column":17},"end":{"line":740,"column":35}}},"53":{"name":"getGlamorousComponentMetadata","line":788,"loc":{"start":{"line":788,"column":2},"end":{"line":788,"column":48}}},"54":{"name":"getDisplayName","line":812,"loc":{"start":{"line":812,"column":2},"end":{"line":812,"column":32}}},"55":{"name":"memoize","line":821,"loc":{"start":{"line":821,"column":14},"end":{"line":821,"column":45}}},"56":{"name":"isPrimitive","line":844,"loc":{"start":{"line":844,"column":0},"end":{"line":844,"column":29}}},"57":{"name":"monadic","line":848,"loc":{"start":{"line":848,"column":0},"end":{"line":848,"column":46}}},"58":{"name":"variadic","line":860,"loc":{"start":{"line":860,"column":0},"end":{"line":860,"column":42}}},"59":{"name":"strategyDefault","line":873,"loc":{"start":{"line":873,"column":0},"end":{"line":873,"column":39}}},"60":{"name":"serializerDefault","line":890,"loc":{"start":{"line":890,"column":0},"end":{"line":890,"column":30}}},"61":{"name":"ObjectWithoutPrototypeCache","line":898,"loc":{"start":{"line":898,"column":0},"end":{"line":898,"column":40}}},"62":{"name":"(anonymous_62)","line":902,"loc":{"start":{"line":902,"column":44},"end":{"line":902,"column":59}}},"63":{"name":"(anonymous_63)","line":906,"loc":{"start":{"line":906,"column":44},"end":{"line":906,"column":59}}},"64":{"name":"(anonymous_64)","line":910,"loc":{"start":{"line":910,"column":44},"end":{"line":910,"column":66}}},"65":{"name":"create","line":915,"loc":{"start":{"line":915,"column":10},"end":{"line":915,"column":29}}},"66":{"name":"unwrapExports","line":920,"loc":{"start":{"line":920,"column":0},"end":{"line":920,"column":27}}},"67":{"name":"createCommonjsModule","line":924,"loc":{"start":{"line":924,"column":0},"end":{"line":924,"column":42}}},"68":{"name":"(anonymous_68)","line":1124,"loc":{"start":{"line":1124,"column":35},"end":{"line":1124,"column":62}}},"69":{"name":"isHtmlProp","line":1173,"loc":{"start":{"line":1173,"column":17},"end":{"line":1173,"column":52}}},"70":{"name":"isCssProp","line":1178,"loc":{"start":{"line":1178,"column":16},"end":{"line":1178,"column":41}}},"71":{"name":"isReactProp","line":1181,"loc":{"start":{"line":1181,"column":18},"end":{"line":1181,"column":45}}},"72":{"name":"shouldForwardProperty","line":1186,"loc":{"start":{"line":1186,"column":28},"end":{"line":1186,"column":74}}},"73":{"name":"splitProps","line":1192,"loc":{"start":{"line":1192,"column":0},"end":{"line":1192,"column":33}}},"74":{"name":"(anonymous_74)","line":1214,"loc":{"start":{"line":1214,"column":34},"end":{"line":1214,"column":61}}},"75":{"name":"(anonymous_75)","line":1235,"loc":{"start":{"line":1235,"column":46},"end":{"line":1235,"column":70}}},"76":{"name":"(anonymous_76)","line":1250,"loc":{"start":{"line":1250,"column":46},"end":{"line":1250,"column":68}}},"77":{"name":"capitalize","line":1258,"loc":{"start":{"line":1258,"column":0},"end":{"line":1258,"column":23}}},"78":{"name":"(anonymous_78)","line":1272,"loc":{"start":{"line":1272,"column":59},"end":{"line":1272,"column":78}}}},"statementMap":{"1":{"start":{"line":3,"column":0},"end":{"line":3,"column":114}},"2":{"start":{"line":3,"column":32},"end":{"line":3,"column":112}},"3":{"start":{"line":5,"column":0},"end":{"line":5,"column":29}},"4":{"start":{"line":6,"column":0},"end":{"line":6,"column":44}},"5":{"start":{"line":7,"column":0},"end":{"line":7,"column":31}},"6":{"start":{"line":9,"column":0},"end":{"line":159,"column":1}},"7":{"start":{"line":161,"column":0},"end":{"line":264,"column":1}},"8":{"start":{"line":266,"column":0},"end":{"line":268,"column":3}},"9":{"start":{"line":267,"column":2},"end":{"line":267,"column":38}},"10":{"start":{"line":270,"column":0},"end":{"line":270,"column":30}},"11":{"start":{"line":273,"column":0},"end":{"line":273,"column":23}},"12":{"start":{"line":276,"column":0},"end":{"line":284,"column":1},"skip":true},"13":{"start":{"line":278,"column":2},"end":{"line":283,"column":3},"skip":true},"14":{"start":{"line":279,"column":4},"end":{"line":279,"column":38},"skip":true},"15":{"start":{"line":286,"column":0},"end":{"line":286,"column":50},"skip":true},"16":{"start":{"line":288,"column":0},"end":{"line":292,"column":2}},"17":{"start":{"line":289,"column":2},"end":{"line":291,"column":3}},"18":{"start":{"line":290,"column":4},"end":{"line":290,"column":61}},"19":{"start":{"line":294,"column":0},"end":{"line":310,"column":4}},"20":{"start":{"line":295,"column":2},"end":{"line":303,"column":3}},"21":{"start":{"line":296,"column":4},"end":{"line":302,"column":5}},"22":{"start":{"line":297,"column":6},"end":{"line":297,"column":32}},"23":{"start":{"line":298,"column":6},"end":{"line":298,"column":61}},"24":{"start":{"line":299,"column":6},"end":{"line":299,"column":37}},"25":{"start":{"line":300,"column":6},"end":{"line":300,"column":60}},"26":{"start":{"line":300,"column":33},"end":{"line":300,"column":60}},"27":{"start":{"line":301,"column":6},"end":{"line":301,"column":64}},"28":{"start":{"line":305,"column":2},"end":{"line":309,"column":4}},"29":{"start":{"line":306,"column":4},"end":{"line":306,"column":72}},"30":{"start":{"line":306,"column":20},"end":{"line":306,"column":72}},"31":{"start":{"line":307,"column":4},"end":{"line":307,"column":64}},"32":{"start":{"line":307,"column":21},"end":{"line":307,"column":64}},"33":{"start":{"line":308,"column":4},"end":{"line":308,"column":23}},"34":{"start":{"line":316,"column":0},"end":{"line":329,"column":2}},"35":{"start":{"line":317,"column":2},"end":{"line":326,"column":3}},"36":{"start":{"line":318,"column":4},"end":{"line":323,"column":7}},"37":{"start":{"line":325,"column":4},"end":{"line":325,"column":21}},"38":{"start":{"line":328,"column":2},"end":{"line":328,"column":13}},"39":{"start":{"line":331,"column":0},"end":{"line":343,"column":2}},"40":{"start":{"line":332,"column":2},"end":{"line":340,"column":3}},"41":{"start":{"line":333,"column":4},"end":{"line":333,"column":30}},"42":{"start":{"line":335,"column":4},"end":{"line":339,"column":5}},"43":{"start":{"line":336,"column":6},"end":{"line":338,"column":7}},"44":{"start":{"line":337,"column":8},"end":{"line":337,"column":34}},"45":{"start":{"line":342,"column":2},"end":{"line":342,"column":16}},"46":{"start":{"line":347,"column":0},"end":{"line":361,"column":2}},"47":{"start":{"line":348,"column":2},"end":{"line":350,"column":3}},"48":{"start":{"line":349,"column":4},"end":{"line":349,"column":104}},"49":{"start":{"line":352,"column":2},"end":{"line":359,"column":5}},"50":{"start":{"line":360,"column":2},"end":{"line":360,"column":120}},"51":{"start":{"line":360,"column":18},"end":{"line":360,"column":120}},"52":{"start":{"line":371,"column":0},"end":{"line":381,"column":2}},"53":{"start":{"line":372,"column":2},"end":{"line":372,"column":18}},"54":{"start":{"line":374,"column":2},"end":{"line":378,"column":3}},"55":{"start":{"line":375,"column":4},"end":{"line":375,"column":39}},"56":{"start":{"line":375,"column":30},"end":{"line":375,"column":39}},"57":{"start":{"line":376,"column":4},"end":{"line":376,"column":64}},"58":{"start":{"line":376,"column":55},"end":{"line":376,"column":64}},"59":{"start":{"line":377,"column":4},"end":{"line":377,"column":23}},"60":{"start":{"line":380,"column":2},"end":{"line":380,"column":16}},"61":{"start":{"line":383,"column":0},"end":{"line":389,"column":2}},"62":{"start":{"line":384,"column":2},"end":{"line":386,"column":3}},"63":{"start":{"line":385,"column":4},"end":{"line":385,"column":90}},"64":{"start":{"line":388,"column":2},"end":{"line":388,"column":88}},"65":{"start":{"line":409,"column":0},"end":{"line":417,"column":2}},"66":{"start":{"line":410,"column":2},"end":{"line":416,"column":3}},"67":{"start":{"line":411,"column":4},"end":{"line":411,"column":84}},"68":{"start":{"line":411,"column":67},"end":{"line":411,"column":84}},"69":{"start":{"line":413,"column":4},"end":{"line":413,"column":16}},"70":{"start":{"line":415,"column":4},"end":{"line":415,"column":27}},"71":{"start":{"line":419,"column":0},"end":{"line":422,"column":1}},"72":{"start":{"line":421,"column":2},"end":{"line":421,"column":150}},"73":{"start":{"line":424,"column":0},"end":{"line":483,"column":1}},"74":{"start":{"line":425,"column":2},"end":{"line":478,"column":21}},"75":{"start":{"line":426,"column":4},"end":{"line":426,"column":42}},"76":{"start":{"line":428,"column":4},"end":{"line":442,"column":5}},"77":{"start":{"line":429,"column":6},"end":{"line":429,"column":15}},"78":{"start":{"line":431,"column":6},"end":{"line":431,"column":29}},"79":{"start":{"line":433,"column":6},"end":{"line":433,"column":44}},"80":{"start":{"line":435,"column":6},"end":{"line":437,"column":7}},"81":{"start":{"line":436,"column":8},"end":{"line":436,"column":37}},"82":{"start":{"line":439,"column":6},"end":{"line":441,"column":56}},"83":{"start":{"line":440,"column":8},"end":{"line":440,"column":48}},"84":{"start":{"line":444,"column":4},"end":{"line":476,"column":8}},"85":{"start":{"line":447,"column":8},"end":{"line":454,"column":9}},"86":{"start":{"line":448,"column":10},"end":{"line":451,"column":11}},"87":{"start":{"line":450,"column":12},"end":{"line":450,"column":128}},"88":{"start":{"line":453,"column":10},"end":{"line":453,"column":17}},"89":{"start":{"line":456,"column":8},"end":{"line":456,"column":67}},"90":{"start":{"line":461,"column":8},"end":{"line":463,"column":9}},"91":{"start":{"line":462,"column":10},"end":{"line":462,"column":76}},"92":{"start":{"line":469,"column":8},"end":{"line":469,"column":47}},"93":{"start":{"line":474,"column":8},"end":{"line":474,"column":100}},"94":{"start":{"line":477,"column":4},"end":{"line":477,"column":27}},"95":{"start":{"line":480,"column":2},"end":{"line":480,"column":79}},"96":{"start":{"line":482,"column":2},"end":{"line":482,"column":25}},"97":{"start":{"line":485,"column":0},"end":{"line":505,"column":1}},"98":{"start":{"line":486,"column":2},"end":{"line":486,"column":21}},"99":{"start":{"line":487,"column":2},"end":{"line":487,"column":28}},"100":{"start":{"line":489,"column":2},"end":{"line":489,"column":48}},"101":{"start":{"line":489,"column":31},"end":{"line":489,"column":45}},"102":{"start":{"line":491,"column":2},"end":{"line":494,"column":4}},"103":{"start":{"line":492,"column":4},"end":{"line":492,"column":19}},"104":{"start":{"line":493,"column":4},"end":{"line":493,"column":72}},"105":{"start":{"line":493,"column":44},"end":{"line":493,"column":68}},"106":{"start":{"line":496,"column":2},"end":{"line":502,"column":4}},"107":{"start":{"line":497,"column":4},"end":{"line":497,"column":29}},"108":{"start":{"line":499,"column":4},"end":{"line":501,"column":5}},"109":{"start":{"line":500,"column":6},"end":{"line":500,"column":82}},"110":{"start":{"line":500,"column":53},"end":{"line":500,"column":78}},"111":{"start":{"line":504,"column":2},"end":{"line":504,"column":73}},"112":{"start":{"line":516,"column":0},"end":{"line":585,"column":19}},"113":{"start":{"line":517,"column":2},"end":{"line":517,"column":38}},"114":{"start":{"line":519,"column":2},"end":{"line":533,"column":3}},"115":{"start":{"line":520,"column":4},"end":{"line":520,"column":13}},"116":{"start":{"line":522,"column":4},"end":{"line":522,"column":27}},"117":{"start":{"line":524,"column":4},"end":{"line":524,"column":40}},"118":{"start":{"line":526,"column":4},"end":{"line":528,"column":5}},"119":{"start":{"line":527,"column":6},"end":{"line":527,"column":35}},"120":{"start":{"line":530,"column":4},"end":{"line":532,"column":54}},"121":{"start":{"line":531,"column":6},"end":{"line":531,"column":31}},"122":{"start":{"line":535,"column":2},"end":{"line":583,"column":6}},"123":{"start":{"line":541,"column":6},"end":{"line":541,"column":50}},"124":{"start":{"line":542,"column":6},"end":{"line":542,"column":50}},"125":{"start":{"line":547,"column":6},"end":{"line":547,"column":57}},"126":{"start":{"line":553,"column":6},"end":{"line":555,"column":7}},"127":{"start":{"line":554,"column":8},"end":{"line":554,"column":79}},"128":{"start":{"line":561,"column":6},"end":{"line":564,"column":7}},"129":{"start":{"line":562,"column":8},"end":{"line":562,"column":61}},"130":{"start":{"line":563,"column":8},"end":{"line":563,"column":49}},"131":{"start":{"line":569,"column":6},"end":{"line":571,"column":7}},"132":{"start":{"line":570,"column":8},"end":{"line":570,"column":64}},"133":{"start":{"line":576,"column":6},"end":{"line":576,"column":45}},"134":{"start":{"line":581,"column":6},"end":{"line":581,"column":92}},"135":{"start":{"line":584,"column":2},"end":{"line":584,"column":23}},"136":{"start":{"line":587,"column":0},"end":{"line":587,"column":91}},"137":{"start":{"line":589,"column":0},"end":{"line":589,"column":75}},"138":{"start":{"line":591,"column":0},"end":{"line":594,"column":2}},"139":{"start":{"line":607,"column":0},"end":{"line":622,"column":1}},"140":{"start":{"line":608,"column":2},"end":{"line":608,"column":89}},"141":{"start":{"line":610,"column":2},"end":{"line":621,"column":52}},"142":{"start":{"line":611,"column":4},"end":{"line":619,"column":5}},"143":{"start":{"line":612,"column":6},"end":{"line":612,"column":41}},"144":{"start":{"line":613,"column":6},"end":{"line":613,"column":57}},"145":{"start":{"line":615,"column":6},"end":{"line":615,"column":38}},"146":{"start":{"line":618,"column":6},"end":{"line":618,"column":84}},"147":{"start":{"line":620,"column":4},"end":{"line":620,"column":18}},"148":{"start":{"line":624,"column":0},"end":{"line":638,"column":1}},"149":{"start":{"line":625,"column":2},"end":{"line":625,"column":34}},"150":{"start":{"line":626,"column":2},"end":{"line":630,"column":3}},"151":{"start":{"line":627,"column":4},"end":{"line":629,"column":5}},"152":{"start":{"line":628,"column":6},"end":{"line":628,"column":50}},"153":{"start":{"line":632,"column":2},"end":{"line":634,"column":69}},"154":{"start":{"line":636,"column":2},"end":{"line":636,"column":156}},"155":{"start":{"line":637,"column":2},"end":{"line":637,"column":62}},"156":{"start":{"line":644,"column":0},"end":{"line":815,"column":1}},"157":{"start":{"line":656,"column":2},"end":{"line":786,"column":4}},"158":{"start":{"line":657,"column":4},"end":{"line":661,"column":80}},"159":{"start":{"line":663,"column":4},"end":{"line":663,"column":37}},"160":{"start":{"line":673,"column":4},"end":{"line":785,"column":5}},"161":{"start":{"line":674,"column":6},"end":{"line":676,"column":7}},"162":{"start":{"line":675,"column":8},"end":{"line":675,"column":39}},"163":{"start":{"line":685,"column":6},"end":{"line":765,"column":25}},"164":{"start":{"line":686,"column":8},"end":{"line":686,"column":49}},"165":{"start":{"line":688,"column":8},"end":{"line":702,"column":9}},"166":{"start":{"line":689,"column":10},"end":{"line":689,"column":20}},"167":{"start":{"line":691,"column":10},"end":{"line":691,"column":33}},"168":{"start":{"line":693,"column":10},"end":{"line":693,"column":51}},"169":{"start":{"line":695,"column":10},"end":{"line":697,"column":11}},"170":{"start":{"line":696,"column":12},"end":{"line":696,"column":43}},"171":{"start":{"line":699,"column":10},"end":{"line":701,"column":60}},"172":{"start":{"line":700,"column":12},"end":{"line":700,"column":52}},"173":{"start":{"line":704,"column":8},"end":{"line":763,"column":12}},"174":{"start":{"line":707,"column":12},"end":{"line":707,"column":41}},"175":{"start":{"line":709,"column":12},"end":{"line":715,"column":13}},"176":{"start":{"line":712,"column":14},"end":{"line":712,"column":78}},"177":{"start":{"line":714,"column":14},"end":{"line":714,"column":41}},"178":{"start":{"line":720,"column":12},"end":{"line":722,"column":13}},"179":{"start":{"line":721,"column":14},"end":{"line":721,"column":45}},"180":{"start":{"line":727,"column":12},"end":{"line":730,"column":13}},"181":{"start":{"line":729,"column":14},"end":{"line":729,"column":80}},"182":{"start":{"line":736,"column":12},"end":{"line":736,"column":51}},"183":{"start":{"line":744,"column":12},"end":{"line":744,"column":35}},"184":{"start":{"line":746,"column":12},"end":{"line":748,"column":56}},"185":{"start":{"line":753,"column":12},"end":{"line":753,"column":115}},"186":{"start":{"line":755,"column":12},"end":{"line":755,"column":108}},"187":{"start":{"line":757,"column":12},"end":{"line":761,"column":16}},"188":{"start":{"line":764,"column":8},"end":{"line":764,"column":34}},"189":{"start":{"line":767,"column":6},"end":{"line":773,"column":8}},"190":{"start":{"line":775,"column":6},"end":{"line":775,"column":86}},"191":{"start":{"line":777,"column":6},"end":{"line":783,"column":10}},"192":{"start":{"line":784,"column":6},"end":{"line":784,"column":32}},"193":{"start":{"line":788,"column":2},"end":{"line":810,"column":3}},"194":{"start":{"line":789,"column":4},"end":{"line":793,"column":40}},"195":{"start":{"line":795,"column":4},"end":{"line":795,"column":54}},"196":{"start":{"line":796,"column":4},"end":{"line":809,"column":6}},"197":{"start":{"line":812,"column":2},"end":{"line":814,"column":3}},"198":{"start":{"line":813,"column":4},"end":{"line":813,"column":88}},"199":{"start":{"line":821,"column":0},"end":{"line":838,"column":2}},"200":{"start":{"line":822,"column":2},"end":{"line":824,"column":19}},"201":{"start":{"line":826,"column":2},"end":{"line":828,"column":24}},"202":{"start":{"line":830,"column":2},"end":{"line":832,"column":22}},"203":{"start":{"line":834,"column":2},"end":{"line":837,"column":4}},"204":{"start":{"line":844,"column":0},"end":{"line":846,"column":1}},"205":{"start":{"line":845,"column":2},"end":{"line":845,"column":84}},"206":{"start":{"line":848,"column":0},"end":{"line":858,"column":1}},"207":{"start":{"line":849,"column":2},"end":{"line":849,"column":58}},"208":{"start":{"line":851,"column":2},"end":{"line":855,"column":3}},"209":{"start":{"line":852,"column":4},"end":{"line":852,"column":43}},"210":{"start":{"line":853,"column":4},"end":{"line":853,"column":39}},"211":{"start":{"line":854,"column":4},"end":{"line":854,"column":24}},"212":{"start":{"line":857,"column":2},"end":{"line":857,"column":28}},"213":{"start":{"line":860,"column":0},"end":{"line":871,"column":1}},"214":{"start":{"line":861,"column":2},"end":{"line":861,"column":54}},"215":{"start":{"line":862,"column":2},"end":{"line":862,"column":34}},"216":{"start":{"line":864,"column":2},"end":{"line":868,"column":3}},"217":{"start":{"line":865,"column":4},"end":{"line":865,"column":45}},"218":{"start":{"line":866,"column":4},"end":{"line":866,"column":39}},"219":{"start":{"line":867,"column":4},"end":{"line":867,"column":24}},"220":{"start":{"line":870,"column":2},"end":{"line":870,"column":28}},"221":{"start":{"line":873,"column":0},"end":{"line":884,"column":1}},"222":{"start":{"line":874,"column":2},"end":{"line":874,"column":54}},"223":{"start":{"line":876,"column":2},"end":{"line":881,"column":4}},"224":{"start":{"line":883,"column":2},"end":{"line":883,"column":17}},"225":{"start":{"line":890,"column":0},"end":{"line":892,"column":1}},"226":{"start":{"line":891,"column":2},"end":{"line":891,"column":34}},"227":{"start":{"line":898,"column":0},"end":{"line":900,"column":1}},"228":{"start":{"line":899,"column":2},"end":{"line":899,"column":35}},"229":{"start":{"line":902,"column":0},"end":{"line":904,"column":2}},"230":{"start":{"line":903,"column":2},"end":{"line":903,"column":28}},"231":{"start":{"line":906,"column":0},"end":{"line":908,"column":2}},"232":{"start":{"line":907,"column":2},"end":{"line":907,"column":24}},"233":{"start":{"line":
[...]
r html = [\"manifest\"];","var iframe = [\"height\",\"name\",\"sandbox\",\"scrolling\",\"src\",\"width\"];","var img = [\"alt\",\"height\",\"name\",\"sizes\",\"src\",\"width\"];","var input = [\"accept\",\"alt\",\"autoCapitalize\",\"autoCorrect\",\"checked\",\"defaultChecked\",\"defaultValue\",\"disabled\",\"form\",\"height\",\"list\",\"max\",\"min\",\"multiple\",\"name\",\"onChange\",\"pattern\",\"placeholder\",\"required\",\"size\",\"src\",\"step\",\"title\",\"type\",\"value\",\"width\"];","var ins = [\"cite\"];","var keygen = [\"challenge\",\"disabled\",\"form\",\"name\"];","var label = [\"form\"];","var li = [\"type\",\"value\"];","var link = [\"color\",\"href\",\"integrity\",\"media\",\"nonce\",\"rel\",\"scope\",\"sizes\",\"target\",\"title\",\"type\"];","var map = [\"name\"];","var menu = [\"label\",\"type\"];","var menuitem = [\"checked\",\"default\",\"disabled\",\"icon\",\"label\",\"title\",\"type\"];","var meta = [\"content\",\"name\"];","var meter = [\"high\",\"low\",\"max\",\"min\",\"optimum\",\"value\"];","var object = [\"data\",\"form\",\"height\",\"name\",\"type\",\"width\"];","var ol = [\"reversed\",\"start\",\"type\"];","var optgroup = [\"disabled\",\"label\"];","var option = [\"disabled\",\"label\",\"selected\",\"value\"];","var output = [\"form\",\"name\"];","var param = [\"name\",\"type\",\"value\"];","var pre = [\"width\"];","var progress = [\"max\",\"value\"];","var q = [\"cite\"];","var script = [\"async\",\"defer\",\"integrity\",\"nonce\",\"src\",\"type\"];","var select = [\"defaultValue\",\"disabled\",\"form\",\"multiple\",\"name\",\"onChange\",\"required\",\"size\",\"value\"];","var slot = [\"name\"];","var source = [\"media\",\"sizes\",\"src\",\"type\"];","var style = [\"media\",\"nonce\",\"title\",\"type\"];","var table = [\"summary\",\"width\"];","var td = [\"headers\",\"height\",\"scope\",\"width\"];","var textarea = [\"autoCapitalize\",\"autoCorrect\",\"cols\",\"defaultValue\",\"disabled\",\"form\",\"name\",\"onChange\",\"placeholder\",\"required\",\"rows\",\"value\",\"wrap\"];","var th = [\"headers\",\"height\",\"scope\",\"width\"];","var track = [\"default\",\"kind\",\"label\",\"src\"];","var ul = [\"type\"];","var video = [\"controls\",\"height\",\"loop\",\"muted\",\"poster\",\"preload\",\"src\",\"width\"];","var svg = [\"accentHeight\",\"accumulate\",\"additive\",\"alignmentBaseline\",\"allowReorder\",\"alphabetic\",\"amplitude\",\"arabicForm\",\"ascent\",\"attributeName\",\"attributeType\",\"autoReverse\",\"azimuth\",\"baseFrequency\",\"baseProfile\",\"baselineShift\",\"bbox\",\"begin\",\"bias\",\"by\",\"calcMode\",\"capHeight\",\"clip\",\"clipPath\",\"clipPathUnits\",\"clipRule\",\"color\",\"colorInterpolation\",\"colorInterpolationFilters\",\"colorProfile\",\"colorRendering\",\"contentScriptType\",\"contentStyleType\",\"cursor\",\"cx\",\"cy\",\"d\",\"decelerate\",\"descent\",\"diffuseConstant\",\"direction\",\"display\",\"divisor\",\"dominantBaseline\",\"dur\",\"dx\",\"dy\",\"edgeMode\",\"elevation\",\"enableBackground\",\"end\",\"exponent\",\"externalResourcesRequired\",\"fill\",\"fillOpacity\",\"fillRule\",\"filter\",\"filterRes\",\"filterUnits\",\"floodColor\",\"floodOpacity\",\"focusable\",\"fontFamily\",\"fontSize\",\"fontSizeAdjust\",\"fontStretch\",\"fontStyle\",\"fontVariant\",\"fontWeight\",\"format\",\"from\",\"fx\",\"fy\",\"g1\",\"g2\",\"glyphName\",\"glyphOrientationHorizontal\",\"glyphOrientationVertical\",\"glyphRef\",\"gradientTransform\",\"gradientUnits\",\"hanging\",\"height\",\"horizAdvX\",\"horizOriginX\",\"ideographic\",\"imageRendering\",\"in\",\"in2\",\"intercept\",\"k\",\"k1\",\"k2\",\"k3\",\"k4\",\"kernelMatrix\",\"kernelUnitLength\",\"kerning\",\"keyPoints\",\"keySplines\",\"keyTimes\",\"lengthAdjust\",\"letterSpacing\",\"lightingColor\",\"limitingConeAngle\",\"local\",\"markerEnd\",\"markerHeight\",\"markerMid\",\"markerStart\",\"markerUnits\",\"markerWidth\",\"mask\",\"maskContentUnits\",\"maskUnits\",\"mathematical\",\"mode\",\"numOctaves\",\"offset\",\"opacity\",\"operator\",\"order\",\"orient\",\"orientation\",\"origin\",\"overflow\",\"overlinePosition\",\"overlineThickness\",\"paintOrder\",\"panose1\",\"pathLength\",\"patternContentUnits\",\"patternTransform\",\"patternUnits\",\"pointerEvents\",\"points\",\"pointsAtX\",\"pointsAtY\",\"pointsAtZ\",\"preserveAlpha\",\"preserveAspectRatio\",\"primitiveUnits\",\"r\",\"radius\",\"refX\",\"refY\",\"renderingIntent\",\"repeatCount\",\"repeatDur\",\"requiredExtensions\",\"requiredFeatures\",\"restart\",\"result\",\"rotate\",\"rx\",\"ry\",\"scale\",\"seed\",\"shapeRendering\",\"slope\",\"spacing\",\"specularConstant\",\"specularExponent\",\"speed\",\"spreadMethod\",\"startOffset\",\"stdDeviation\",\"stemh\",\"stemv\",\"stitchTiles\",\"stopColor\",\"stopOpacity\",\"strikethroughPosition\",\"strikethroughThickness\",\"string\",\"stroke\",\"strokeDasharray\",\"strokeDashoffset\",\"strokeLinecap\",\"strokeLinejoin\",\"strokeMiterlimit\",\"strokeOpacity\",\"strokeWidth\",\"surfaceScale\",\"systemLanguage\",\"tableValues\",\"targetX\",\"targetY\",\"textAnchor\",\"textDecoration\",\"textLength\",\"textRendering\",\"to\",\"transform\",\"u1\",\"u2\",\"underlinePosition\",\"underlineThickness\",\"unicode\",\"unicodeBidi\",\"unicodeRange\",\"unitsPerEm\",\"vAlphabetic\",\"vHanging\",\"vIdeographic\",\"vMathematical\",\"values\",\"vectorEffect\",\"version\",\"vertAdvY\",\"vertOriginX\",\"vertOriginY\",\"viewBox\",\"viewTarget\",\"visibility\",\"width\",\"widths\",\"wordSpacing\",\"writingMode\",\"x\",\"x1\",\"x2\",\"xChannelSelector\",\"xHeight\",\"xlinkActuate\",\"xlinkArcrole\",\"xlinkHref\",\"xlinkRole\",\"xlinkShow\",\"xlinkTitle\",\"xlinkType\",\"xmlBase\",\"xmlLang\",\"xmlSpace\",\"xmlns\",\"xmlnsXlink\",\"y\",\"y1\",\"y2\",\"yChannelSelector\",\"z\",\"zoomAndPan\"];","var reactHtmlAttributes = {","\ta: a,","\tabbr: abbr,","\tapplet: applet,","\tarea: area,","\taudio: audio,","\tbase: base,","\tbasefont: basefont,","\tbdo: bdo,","\tblockquote: blockquote,","\tbutton: button,","\tcanvas: canvas,","\tcol: col,","\tcolgroup: colgroup,","\tdata: data,","\tdel: del,","\tdetails: details,","\tdfn: dfn,","\tdialog: dialog,","\tembed: embed,","\tfieldset: fieldset,","\tfont: font,","\tform: form,","\tframe: frame,","\tframeset: frameset,","\thead: head,","\thr: hr,","\thtml: html,","\tiframe: iframe,","\timg: img,","\tinput: input,","\tins: ins,","\tkeygen: keygen,","\tlabel: label,","\tli: li,","\tlink: link,","\tmap: map,","\tmenu: menu,","\tmenuitem: menuitem,","\tmeta: meta,","\tmeter: meter,","\tobject: object,","\tol: ol,","\toptgroup: optgroup,","\toption: option,","\toutput: output,","\tparam: param,","\tpre: pre,","\tprogress: progress,","\tq: q,","\tscript: script,","\tselect: select,","\tslot: slot,","\tsource: source,","\tstyle: style,","\ttable: table,","\ttd: td,","\ttextarea: textarea,","\tth: th,","\ttrack: track,","\tul: ul,","\tvideo: video,","\tsvg: svg,","\t\"*\": [\"acceptCharset\",\"accessKey\",\"allowFullScreen\",\"allowTransparency\",\"autoComplete\",\"autoFocus\",\"autoPlay\",\"capture\",\"cellPadding\",\"cellSpacing\",\"charSet\",\"classID\",\"className\",\"colSpan\",\"contentEditable\",\"contextMenu\",\"crossOrigin\",\"dangerouslySetInnerHTML\",\"dateTime\",\"dir\",\"draggable\",\"encType\",\"formAction\",\"formEncType\",\"formMethod\",\"formNoValidate\",\"formTarget\",\"frameBorder\",\"hidden\",\"hrefLang\",\"htmlFor\",\"httpEquiv\",\"id\",\"inputMode\",\"is\",\"itemID\",\"itemProp\",\"itemRef\",\"itemScope\",\"itemType\",\"keyParams\",\"keyType\",\"lang\",\"marginHeight\",\"marginWidth\",\"maxLength\",\"mediaGroup\",\"minLength\",\"noValidate\",\"radioGroup\",\"readOnly\",\"role\",\"rowSpan\",\"scoped\",\"seamless\",\"spellCheck\",\"srcDoc\",\"srcLang\",\"srcSet\",\"style\",\"suppressContentEditableWarning\",\"tabIndex\",\"title\",\"useMap\",\"wmode\"]","};","","var reactHtmlAttributes$1 = Object.freeze({","\ta: a,","\tabbr: abbr,","\tapplet: applet,","\tarea: area,","\taudio: audio,","\tbase: base,","\tbasefont: basefont,","\tbdo: bdo,","\tblockquote: blockquote,","\tbutton: button,","\tcanvas: canvas,","\tcol: col,","\tcolgroup: colgroup,","\tdata: data,","\tdel: del,","\tdetails: details,","\tdfn: dfn,","\tdialog: dialog,","\tembed: embed,","\tfieldset: fieldset,","\tfont: font,","\tform: form,","\tframe: frame,","\tframeset: frameset,","\thead: head,","\thr: hr,","\thtml: html,","\tiframe: iframe,","\timg: img,","\tinput: input,","\tins: ins,","\tkeygen: keygen,","\tlabel: label,","\tli: li,","\tlink: link,","\tmap: map,","\tmenu: menu,","\tmenuitem: menuitem,","\tmeta: meta,","\tmeter: meter,","\tobject: object,","\tol: ol,","\toptgroup: optgroup,","\toption: option,","\toutput: output,","\tparam: param,","\tpre: pre,","\tprogress: progress,","\tq: q,","\tscript: script,","\tselect: select,","\tslot: slot,","\tsource: source,","\tstyle: style,","\ttable: table,","\ttd: td,","\ttextarea: textarea,","\tth: th,","\ttrack: track,","\tul: ul,","\tvideo: video,","\tsvg: svg,","\tdefault: reactHtmlAttributes","});","","var reactHtmlAttributes$2 = ( reactHtmlAttributes$1 && reactHtmlAttributes ) || reactHtmlAttributes$1;","","var index$2 = createCommonjsModule(function (module, exports) {","'use strict';","","Object.defineProperty(exports, \"__esModule\", {","  value: true","});","","","exports.default = reactHtmlAttributes$2;","","module.exports = reactHtmlAttributes$2; // for CommonJS compatibility","});","","var reactHTMLAttributes = unwrapExports(index$2);","","/*"," * This is used to check if a property name is one of the React-specific"," * properties and determine if that property should be forwarded"," * to the React component"," */","","/* Logic copied from ReactDOMUnknownPropertyHook */","var reactProps = ['children', 'dangerouslySetInnerHTML', 'key', 'ref', 'autoFocus', 'defaultValue', 'valueLink', 'defaultChecked', 'checkedLink', 'innerHTML', 'suppressContentEditableWarning', 'onFocusIn', 'onFocusOut', 'className',","","/* List copied from https://facebook.github.io/react/docs/events.html */","'onCopy', 'onCut', 'onPaste', 'onCompositionEnd', 'onCompositionStart', 'onCompositionUpdate', 'onKeyDown', 'onKeyPress', 'onKeyUp', 'onFocus', 'onBlur', 'onChange', 'onInput', 'onSubmit', 'onClick', 'onContextMenu', 'onDoubleClick', 'onDrag', 'onDragEnd', 'onDragEnter', 'onDragExit', 'onDragLeave', 'onDragOver', 'onDragStart', 'onDrop', 'onMouseDown', 'onMouseEnter', 'onMouseLeave', 'onMouseMove', 'onMouseOut', 'onMouseOver', 'onMouseUp', 'onSelect', 'onTouchCancel', 'onTouchEnd', 'onTouchMove', 'onTouchStart', 'onScroll', 'onWheel', 'onAbort', 'onCanPlay', 'onCanPlayThrough', 'onDurationChange', 'onEmptied', 'onEncrypted', 'onEnded', 'onError', 'onLoadedData', 'onLoadedMetadata', 'onLoadStart', 'onPause', 'onPlay', 'onPlaying', 'onProgress', 'onRateChange', 'onSeeked', 'onSeeking', 'onStalled', 'onSuspend', 'onTimeUpdate', 'onVolumeChange', 'onWaiting', 'onLoad', 'onAnimationStart', 'onAnimationEnd', 'onAnimationIteration', 'onTransitionEnd', 'onCopyCapture', 'onCutCapture', 'onPasteCapture', 'onCompositionEndCapture', 'onCompositionStartCapture', 'onCompositionUpdateCapture', 'onKeyDownCapture', 'onKeyPressCapture', 'onKeyUpCapture', 'onFocusCapture', 'onBlurCapture', 'onChangeCapture', 'onInputCapture', 'onSubmitCapture', 'onClickCapture', 'onContextMenuCapture', 'onDoubleClickCapture', 'onDragCapture', 'onDragEndCapture', 'onDragEnterCapture', 'onDragExitCapture', 'onDragLeaveCapture', 'onDragOverCapture', 'onDragStartCapture', 'onDropCapture', 'onMouseDownCapture', 'onMouseEnterCapture', 'onMouseLeaveCapture', 'onMouseMoveCapture', 'onMouseOutCapture', 'onMouseOverCapture', 'onMouseUpCapture', 'onSelectCapture', 'onTouchCancelCapture', 'onTouchEndCapture', 'onTouchMoveCapture', 'onTouchStartCapture', 'onScrollCapture', 'onWheelCapture', 'onAbortCapture', 'onCanPlayCapture', 'onCanPlayThroughCapture', 'onDurationChangeCapture', 'onEmptiedCapture', 'onEncryptedCapture', 'onEndedCapture', 'onErrorCapture', 'onLoadedDataCapture', 'onLoadedMetadataCapture', 'onLoadStartCapture', 'onPauseCapture', 'onPlayCapture', 'onPlayingCapture', 'onProgressCapture', 'onRateChangeCapture', 'onSeekedCapture', 'onSeekingCapture', 'onStalledCapture', 'onSuspendCapture', 'onTimeUpdateCapture', 'onVolumeChangeCapture', 'onWaitingCapture', 'onLoadCapture', 'onAnimationStartCapture', 'onAnimationEndCapture', 'onAnimationIterationCapture', 'onTransitionEndCapture'];","","/* eslint max-lines:0, func-style:0 */","// copied from:","// https://github.com/styled-components/styled-components/tree/","// 956e8210b6277860c89404f9cb08735f97eaa7e1/src/utils/validAttr.js","/* Trying to avoid the unknown-prop errors on glamorous components"," by filtering by React's attribute whitelist."," */","","var globalReactHtmlProps = reactHTMLAttributes['*'];","","// these are valid attributes that have the","// same name as CSS properties, and is used","// for css overrides API","var cssProps = ['color', 'height', 'width'];","","/* From DOMProperty */","// eslint-disable-next-line max-len","var ATTRIBUTE_NAME_START_CHAR = ':A-Z_a-z\\\\u00C0-\\\\u00D6\\\\u00D8-\\\\u00F6\\\\u00F8-\\\\u02FF\\\\u0370-\\\\u037D\\\\u037F-\\\\u1FFF\\\\u200C-\\\\u200D\\\\u2070-\\\\u218F\\\\u2C00-\\\\u2FEF\\\\u3001-\\\\uD7FF\\\\uF900-\\\\uFDCF\\\\uFDF0-\\\\uFFFD';","// eslint-disable-next-line max-len","var ATTRIBUTE_NAME_CHAR = ATTRIBUTE_NAME_START_CHAR + '\\\\-.0-9\\\\u00B7\\\\u0300-\\\\u036F\\\\u203F-\\\\u2040';","var isCustomAttribute = RegExp.prototype.test.bind(new RegExp('^(data|aria)-[' + ATTRIBUTE_NAME_CHAR + ']*$'));","","var isHtmlProp = function isHtmlProp(name, tagName) {","  var elementAttributes = reactHTMLAttributes[tagName];","","  return globalReactHtmlProps.indexOf(name) !== -1 || (elementAttributes === undefined ? false : elementAttributes.indexOf(name) !== -1);","};","var isCssProp = function isCssProp(name) {","  return cssProps.indexOf(name) !== -1;","};","var isReactProp = function isReactProp(name) {","  return reactProps.indexOf(name) !== -1;","};","","// eslint-disable-next-line complexity","var shouldForwardProperty = function shouldForwardProperty(tagName, name) {","  return typeof tagName !== 'string' || (isHtmlProp(name, tagName) || isReactProp(name) || isCustomAttribute(name.toLowerCase())) && (tagName === 'svg' || !isCssProp(name));","};","","var shouldForwardProperty$1 = index$1(shouldForwardProperty);","","function splitProps(_ref, _ref2) {","  var propsAreCssOverrides = _ref2.propsAreCssOverrides,","      rootEl = _ref2.rootEl,","      forwardProps = _ref2.forwardProps;","  var _ref$css = _ref.css,","      cssOverrides = _ref$css === undefined ? {} : _ref$css,","      theme = _ref.theme,","      className = _ref.className,","      innerRef = _ref.innerRef,","      glam = _ref.glam,","      rest = objectWithoutProperties(_ref, ['css', 'theme', 'className', 'innerRef', 'glam']);","","  var returnValue = { toForward: {}, cssOverrides: {} };","  if (!propsAreCssOverrides) {","    returnValue.cssOverrides = cssOverrides;","    if (typeof rootEl !== 'string') {","      // if it's not a string, then we can forward everything","      // (because it's a component)","      returnValue.toForward = rest;","      return returnValue;","    }","  }","  return Object.keys(rest).reduce(function (split, propName) {","    if (forwardProps.indexOf(propName) !== -1 || shouldForwardProperty$1(rootEl, propName)) {","      split.toForward[propName] = rest[propName];","    } else if (propsAreCssOverrides) {","      split.cssOverrides[propName] = rest[propName];","    }","    return split;","  }, returnValue);","}","","var glamorous$2 = createGlamorous(splitProps);","","/*"," * This creates a glamorousComponentFactory for every DOM element so you can"," * simply do:"," * const GreenButton = glamorous.button({"," *   backgroundColor: 'green',"," *   padding: 20,"," * })"," * <GreenButton>Click Me!</GreenButton>"," */","Object.assign(glamorous$2, domElements.reduce(function (getters, tag) {","  getters[tag] = glamorous$2(tag);","  return getters;","}, {}));","","/*"," * This creates a glamorous component for each DOM element so you can"," * simply do:"," * <glamorous.Div"," *   color=\"green\""," *   marginLeft={20}"," * >"," *   I'm green!"," * </glamorous.Div>"," */","Object.assign(glamorous$2, domElements.reduce(function (comps, tag) {","  var capitalTag = capitalize(tag);","  comps[capitalTag] = glamorous$2[tag]();","  comps[capitalTag].displayName = 'glamorous.' + capitalTag;","  comps[capitalTag].propsAreCssOverrides = true;","  return comps;","}, {}));","","function capitalize(s) {","  return s.slice(0, 1).toUpperCase() + s.slice(1);","}","","","","var glamorousStar = Object.freeze({","\tdefault: glamorous$2,","\tThemeProvider: ThemeProvider,","\twithTheme: withTheme","});","","var glamorous = glamorous$2;","","Object.assign(glamorous, Object.keys(glamorousStar).reduce(function (e, prop) {","  if (prop !== 'default') {","    // eslint-disable-next-line import/namespace","    e[prop] = glamorousStar[prop];","  }","  return e;","}, {}));","","module.exports = glamorous;",""],"l":{"3":1,"5":1,"6":1,"7":1,"9":1,"161":1,"266":1,"267":249,"270":1,"273":1,"276":1,"278":1,"279":1,"286":1,"288":1,"289":0,"290":0,"294":1,"295":1,"296":239,"297":1197,"298":1197,"299":1197,"300":1197,"301":1197,"305":1,"306":239,"307":239,"308":239,"316":1,"317":240,"318":0,"325":240,"328":240,"331":1,"332":0,"333":0,"335":0,"336":0,"337":0,"342":0,"347":1,"348":239,"349":0,"352":239,"360":239,"371":1,"372":0,"374":0,"375":0,"376":0,"377":0,"380":0,"383":1,"384":0,"385":0,"388":0,"409":1,"410":0,"411":0,"413":0,"415":0,"419":1,"421":0,"424":1,"425":0,"426":0,"428":1,"429":0,"431":0,"433":0,"435":0,"436":0,"439":0,"440":0,"444":0,"447":0,"448":0,"450":0,"453":0,"456":0,"461":0,"462":0,"469":0,"474":0,"477":0,"480":0,"482":0,"485":1,"486":0,"487":0,"489":0,"491":0,"492":0,"493":0,"496":0,"497":0,"499":0,"500":0,"504":0,"516":1,"517":1,"519":1,"520":0,"522":0,"524":0,"526":0,"527":0,"530":0,"531":0,"535":1,"541":0,"542":0,"547":0,"553":0,"554":0,"561":0,"562":0,"563":0,"569":0,"570":0,"576":0,"581":0,"584":1,"587":1,"589":1,"591":1,"607":1,"608":0,"610":0,"611":0,"612":0,"613":0,"615":0,"618":0,"620":0,"624":1,"625":0,"626":0,"627":0,"628":0,"632":0,"636":0,"637":0,"644":1,"656":1,"657":238,"663":238,"673":1,"674":238,"675":0,"685":238,"686":238,"688":1,"689":0,"691":0,"693":0,"695":0,"696":0,"699":0,"700":0,"704":238,"707":0,"709":0,"712":0,"714":0,"720":0,"721":0,"727":0,"729":0,"736":0,"744":0,"746":0,"753":0,"755":0,"757":0,"764":238,"767":238,"775":238,"777":238,"784":238,"788":1,"789":238,"795":238,"796":238,"812":1,"813":238,"821":1,"822":1,"826":1,"830":1,"834":1,"844":1,"845":0,"848":1,"849":0,"851":0,"852":0,"853":0,"854":0,"857":0,"860":1,"861":0,"862":0,"864":0,"865":0,"866":0,"867":0,"870":0,"873":1,"874":1,"876":1,"883":1,"890":1,"891":0,"898":1,"899":1,"902":1,"903":0,"906":1,"907":0,"910":1,"911":0,"914":1,"916":1,"920":1,"921":1,"924":1,"925":1,"928":1,"929":1,"930":1,"931":1,"932":1,"933":1,"934":1,"935":1,"936":1,"937":1,"938":1,"939":1,"940":1,"941":1,"942":1,"943":1,"944":1,"945":1,"946":1,"947":1,"948":1,"949":1,"950":1,"951":1,"952":1,"953":1,"954":1,"955":1,"956":1,"957":1,"958":1,"959":1,"960":1,"961":1,"962":1,"963":1,"964":1,"965":1,"966":1,"967":1,"968":1,"969":1,"970":1,"971":1,"972":1,"973":1,"974":1,"975":1,"976":1,"977":1,"978":1,"979":1,"980":1,"981":1,"982":1,"983":1,"984":1,"985":1,"986":1,"987":1,"988":1,"989":1,"990":1,"1056":1,"1122":1,"1124":1,"1127":1,"1132":1,"1134":1,"1137":1,"1146":1,"1159":1,"1164":1,"1168":1,"1170":1,"1171":1,"1173":1,"1174":0,"1176":0,"1178":1,"1179":0,"1181":1,"1182":0,"1186":1,"1187":0,"1190":1,"1192":1,"1193":0,"1196":0,"1204":0,"1205":0,"1206":0,"1207":0,"1210":0,"1211":0,"1214":0,"1215":0,"1216":0,"1217":0,"1218":0,"1220":0,"1224":1,"1235":1,"1236":238,"1237":238,"1250":1,"1251":238,"1252":238,"1253":238,"1254":238,"1255":238,"1258":1,"1259":238,"1264":1,"1270":1,"1272":1,"1273":3,"1275":2,"1277":3,"1280":1}}}